[tool-version] Z3 4.8.16
[mk-app] #1 true
[mk-app] #2 false
[mk-app] #1 true
[mk-app] #2 false
[mk-app] #3 pi
[mk-app] #4 euler
[mk-var] datatype#0 0
[mk-var] datatype#1 1
[mk-app] datatype#2 insert datatype#0 datatype#1
[mk-app] datatype#3 pattern datatype#2
[mk-app] datatype#4 head datatype#2
[mk-app] datatype#5 = datatype#0 datatype#4
[mk-quant] datatype#6 constructor_accessor_axiom 2 datatype#3 datatype#5
[attach-var-names] datatype#6 (;k!0) (;List)
[mk-app] datatype#7 tail datatype#2
[mk-app] datatype#8 = datatype#1 datatype#7
[mk-quant] datatype#9 constructor_accessor_axiom 2 datatype#3 datatype#8
[attach-var-names] datatype#9 (;k!0) (;List)
[mk-app] #5 bv
[attach-meaning] #5 bv #b1
[mk-app] #6 bv
[attach-meaning] #6 bv #b0
[attach-meaning] #5 bv #b1
[attach-meaning] #6 bv #b0
[attach-meaning] #6 bv #b0
[mk-var] #7 0
[mk-var] #8 1
[mk-var] #9 2
[mk-var] #10 3
[mk-var] #11 4
[mk-var] #12 5
[mk-var] #13 6
[mk-var] #14 7
[mk-var] #15 8
[mk-var] #16 9
[mk-var] #17 10
[mk-var] #18 11
[mk-var] #19 12
[mk-var] #20 13
[mk-var] #21 14
[mk-app] #22 + #15 #13
[mk-proof] #23 true-axiom #1
[attach-enode] #1 0
[attach-enode] #2 0
[mk-app] #24 reqShared@0
[mk-app] #25 const #2
[mk-app] #26 = #24 #25
[mk-app] #27 reqExclusive@0
[mk-app] #28 = #27 #25
[mk-app] #29 invalidate@0
[mk-app] #30 = #29 #25
[mk-app] #31 grantShared@0
[mk-app] #32 = #31 #25
[mk-app] #33 grantExclusive@0
[mk-app] #34 = #33 #25
[mk-app] #35 invalidateAck@0
[mk-app] #36 = #35 #25
[mk-app] #37 cacheShared@0
[mk-app] #38 = #37 #25
[mk-app] #39 cacheExclusive@0
[mk-app] #40 = #39 #25
[mk-app] #41 homeSharerList@0
[mk-app] #42 = #41 #25
[mk-app] #43 homeInvalidateList@0
[mk-app] #44 = #43 #25
[mk-app] #45 homeExclusiveGranted@0
[mk-app] #46 not #45
[mk-app] #47 homeCurrentReqShared@0
[mk-app] #48 not #47
[mk-app] #49 homeCurrentReqExclusive@0
[mk-app] #50 not #49
[mk-app] #51 and #26 #28 #30 #32 #34 #36 #38 #40 #42 #44 #46 #48 #50
[mk-proof] #52 asserted #51
[mk-app] #53 = #51 #51
[mk-proof] #54 refl #53
[mk-proof] #53 and-elim #52 #26
[mk-proof] #54 and-elim #52 #28
[mk-proof] #55 and-elim #52 #30
[mk-proof] #56 and-elim #52 #32
[mk-proof] #57 and-elim #52 #34
[mk-proof] #58 and-elim #52 #36
[mk-proof] #59 and-elim #52 #38
[mk-proof] #60 and-elim #52 #40
[mk-proof] #61 and-elim #52 #42
[mk-proof] #62 and-elim #52 #44
[mk-proof] #63 and-elim #52 #46
[mk-proof] #64 and-elim #52 #48
[mk-proof] #65 and-elim #52 #50
[mk-app] #66 grantExclusiveRule@0
[mk-app] #67 homeSharerList@1
[mk-app] #68 homeCurrentclient@0
[mk-app] #69 store #41 #68 #1
[mk-app] #70 = #67 #69
[mk-app] #71 homeCurrentReqExclusive@1
[mk-app] #72 not #71
[mk-app] #73 homeExclusiveGranted@1
[mk-app] #74 grantExclusive@1
[mk-app] #75 store #33 #68 #1
[mk-app] #76 = #74 #75
[mk-app] #77 homeCurrentReqShared@1
[mk-app] #78 = #47 #77
[mk-app] #79 grantShared@1
[mk-app] #80 = #31 #79
[mk-app] #81 homeCurrentclient@1
[mk-app] #82 = #68 #81
[mk-app] #83 homeInvalidateList@1
[mk-app] #84 = #43 #83
[mk-app] #85 reqExclusive@1
[mk-app] #86 = #27 #85
[mk-app] #87 reqShared@1
[mk-app] #88 = #24 #87
[mk-app] #89 cacheExclusive@1
[mk-app] #90 = #39 #89
[mk-app] #91 invalidateAck@1
[mk-app] #92 = #35 #91
[mk-app] #93 cacheShared@1
[mk-app] #94 = #37 #93
[mk-app] #95 invalidate@1
[mk-app] #96 = #29 #95
[mk-app] #97 select #29 #68
[mk-app] #98 not #97
[mk-app] #99 select #31 #68
[mk-app] #100 not #99
[mk-app] #101 select #33 #68
[mk-app] #102 not #101
[mk-var] #103 0
[mk-app] #104 select #41 #103
[mk-app] #105 not #104
[mk-quant] #106 k!322 1 #105
[attach-var-names] #106 (|I:client| ; |client|)
[mk-app] #107 and #70 #72 #73 #76 #78 #80 #82 #84 #86 #88 #90 #92 #94 #96 #49 #98 #100 #102 #106
[mk-app] #108 => #66 #107
[mk-app] #109 grantSharedRule@0
[mk-app] #110 not #77
[mk-app] #111 store #31 #68 #1
[mk-app] #112 = #79 #111
[mk-app] #113 = #33 #74
[mk-app] #114 = #45 #73
[mk-app] #115 = #49 #71
[mk-app] #116 and #70 #110 #112 #113 #114 #115 #82 #84 #86 #88 #90 #92 #94 #96 #47 #46 #98 #100 #102
[mk-app] #117 => #109 #116
[mk-app] #118 pickNewExclusiveRequestRule@0
[mk-app] #119 fml:cl@0
[mk-app] #120 store #27 #119 #2
[mk-app] #121 = #85 #120
[mk-app] #122 = #81 #119
[mk-app] #123 = #83 #41
[mk-app] #124 = #41 #67
[mk-app] #125 select #27 #119
[mk-app] #126 and #71 #121 #122 #123 #113 #114 #124 #78 #80 #88 #90 #92 #94 #96 #48 #50 #125
[mk-app] #127 => #118 #126
[mk-app] #128 pickNewSharedRequestRule@0
[mk-app] #129 store #24 #119 #2
[mk-app] #130 = #87 #129
[mk-app] #131 select #24 #119
[mk-app] #132 and #77 #130 #122 #123 #113 #114 #124 #115 #80 #86 #90 #92 #94 #96 #48 #50 #131
[mk-app] #133 => #128 #132
[mk-app] #134 receiveExclusiveGrantRule@0
[mk-app] #135 store #39 #119 #1
[mk-app] #136 = #89 #135
[mk-app] #137 store #33 #119 #2
[mk-app] #138 = #74 #137
[mk-app] #139 select #33 #119
[mk-app] #140 and #136 #138 #114 #124 #115 #78 #80 #82 #84 #86 #88 #92 #94 #96 #139
[mk-app] #141 => #134 #140
[mk-app] #142 receiveInvalidateAckRule@0
[mk-app] #143 store #41 #119 #2
[mk-app] #144 = #67 #143
[mk-app] #145 not #73
[mk-app] #146 store #35 #119 #2
[mk-app] #147 = #91 #146
[mk-app] #148 or #47 #49
[mk-app] #149 select #35 #119
[mk-app] #150 and #144 #145 #147 #113 #115 #78 #80 #82 #84 #86 #88 #90 #94 #96 #148 #149
[mk-app] #151 => #142 #150
[mk-app] #152 receiveSharedGrantRule@0
[mk-app] #153 store #37 #119 #1
[mk-app] #154 = #93 #153
[mk-app] #155 store #31 #119 #2
[mk-app] #156 = #79 #155
[mk-app] #157 select #31 #119
[mk-app] #158 and #154 #156 #113 #114 #124 #115 #78 #82 #84 #86 #88 #90 #92 #96 #157
[mk-app] #159 => #152 #158
[mk-app] #160 reqExclusiveRule@0
[mk-app] #161 store #27 #119 #1
[mk-app] #162 = #85 #161
[mk-app] #163 select #37 #119
[mk-app] #164 not #163
[mk-app] #165 select #39 #119
[mk-app] #166 not #165
[mk-app] #167 not #131
[mk-app] #168 not #125
[mk-app] #169 and #162 #113 #114 #124 #115 #78 #80 #82 #84 #88 #90 #92 #94 #96 #164 #166 #167 #168
[mk-app] #170 => #160 #169
[mk-app] #171 reqSharedRule@0
[mk-app] #172 store #24 #119 #1
[mk-app] #173 = #87 #172
[mk-app] #174 and #173 #113 #114 #124 #115 #78 #80 #82 #84 #86 #90 #92 #94 #96 #164 #166 #167 #168
[mk-app] #175 => #171 #174
[mk-app] #176 sendInvalidateRule@0
[mk-app] #177 store #29 #119 #1
[mk-app] #178 = #95 #177
[mk-app] #179 store #43 #119 #2
[mk-app] #180 = #83 #179
[mk-app] #181 select #29 #119
[mk-app] #182 not #181
[mk-app] #183 not #157
[mk-app] #184 not #139
[mk-app] #185 select #43 #119
[mk-app] #186 and #47 #45
[mk-app] #187 or #49 #186
[mk-app] #188 and #178 #180 #113 #114 #124 #115 #78 #80 #82 #86 #88 #90 #92 #94 #182 #183 #184 #185 #187
[mk-app] #189 => #176 #188
[mk-app] #190 sharerInvalidatesCacheRule@0
[mk-app] #191 store #29 #119 #2
[mk-app] #192 = #95 #191
[mk-app] #193 store #35 #119 #1
[mk-app] #194 = #91 #193
[mk-app] #195 store #37 #119 #2
[mk-app] #196 = #93 #195
[mk-app] #197 store #39 #119 #2
[mk-app] #198 = #89 #197
[mk-app] #199 not #149
[mk-app] #200 and #192 #194 #196 #198 #113 #114 #124 #115 #78 #80 #82 #84 #86 #88 #181 #199
[mk-app] #201 => #190 #200
[mk-app] #202 or #66 #109 #118 #128 #134 #142 #152 #160 #171 #176 #190
[mk-app] #203 and #108 #117 #127 #133 #141 #151 #159 #170 #175 #189 #201 #202
[mk-proof] #204 asserted #203
[mk-app] #205 = #107 #107
[mk-proof] #206 rewrite #205
[mk-app] #207 = #108 #108
[mk-proof] #208 monotonicity #206 #207
[mk-app] #209 not #66
[mk-app] #210 or #209 #107
[inst-discovered] theory-solving 0x0 basic# ; #108
[mk-app] #211 = #108 #210
[instance] 0x0 #211
[attach-enode] #211 0
[end-of-instance]
[mk-app] #211 = #108 #210
[mk-proof] #212 rewrite #211
[mk-proof] #213 trans #208 #212 #211
[mk-app] #214 not #109
[mk-app] #215 or #214 #116
[inst-discovered] theory-solving 0x0 basic# ; #117
[mk-app] #216 = #117 #215
[instance] 0x0 #216
[attach-enode] #216 0
[end-of-instance]
[mk-app] #216 = #117 #215
[mk-proof] #217 rewrite #216
[mk-app] #218 not #118
[mk-app] #219 or #218 #126
[inst-discovered] theory-solving 0x0 basic# ; #127
[mk-app] #220 = #127 #219
[instance] 0x0 #220
[attach-enode] #220 0
[end-of-instance]
[mk-app] #220 = #127 #219
[mk-proof] #221 rewrite #220
[mk-app] #222 not #128
[mk-app] #223 or #222 #132
[inst-discovered] theory-solving 0x0 basic# ; #133
[mk-app] #224 = #133 #223
[instance] 0x0 #224
[attach-enode] #224 0
[end-of-instance]
[mk-app] #224 = #133 #223
[mk-proof] #225 rewrite #224
[mk-app] #226 not #134
[mk-app] #227 or #226 #140
[inst-discovered] theory-solving 0x0 basic# ; #141
[mk-app] #228 = #141 #227
[instance] 0x0 #228
[attach-enode] #228 0
[end-of-instance]
[mk-app] #228 = #141 #227
[mk-proof] #229 rewrite #228
[inst-discovered] theory-solving 0x0 basic# ; #148
[mk-app] #230 = #148 #148
[instance] 0x0 #230
[attach-enode] #230 0
[end-of-instance]
[mk-app] #230 = #148 #148
[mk-proof] #231 rewrite #230
[mk-app] #232 = #150 #150
[mk-proof] #233 monotonicity #231 #232
[mk-proof] #234 rewrite #232
[mk-app] #230 = #151 #151
[mk-proof] #231 monotonicity #234 #230
[mk-app] #233 not #142
[mk-app] #235 or #233 #150
[inst-discovered] theory-solving 0x0 basic# ; #151
[mk-app] #236 = #151 #235
[instance] 0x0 #236
[attach-enode] #236 0
[end-of-instance]
[mk-app] #236 = #151 #235
[mk-proof] #237 rewrite #236
[mk-proof] #238 trans #231 #237 #236
[mk-app] #239 not #152
[mk-app] #240 or #239 #158
[inst-discovered] theory-solving 0x0 basic# ; #159
[mk-app] #241 = #159 #240
[instance] 0x0 #241
[attach-enode] #241 0
[end-of-instance]
[mk-app] #241 = #159 #240
[mk-proof] #242 rewrite #241
[mk-app] #243 not #160
[mk-app] #244 or #243 #169
[inst-discovered] theory-solving 0x0 basic# ; #170
[mk-app] #245 = #170 #244
[instance] 0x0 #245
[attach-enode] #245 0
[end-of-instance]
[mk-app] #245 = #170 #244
[mk-proof] #246 rewrite #245
[mk-app] #247 not #171
[mk-app] #248 or #247 #174
[inst-discovered] theory-solving 0x0 basic# ; #175
[mk-app] #249 = #175 #248
[instance] 0x0 #249
[attach-enode] #249 0
[end-of-instance]
[mk-app] #249 = #175 #248
[mk-proof] #250 rewrite #249
[mk-app] #251 not #176
[mk-app] #252 or #251 #188
[inst-discovered] theory-solving 0x0 basic# ; #189
[mk-app] #253 = #189 #252
[instance] 0x0 #253
[attach-enode] #253 0
[end-of-instance]
[mk-app] #253 = #189 #252
[mk-proof] #254 rewrite #253
[mk-app] #255 not #190
[mk-app] #256 or #255 #200
[inst-discovered] theory-solving 0x0 basic# ; #201
[mk-app] #257 = #201 #256
[instance] 0x0 #257
[attach-enode] #257 0
[end-of-instance]
[mk-app] #257 = #201 #256
[mk-proof] #258 rewrite #257
[mk-app] #259 and #210 #215 #219 #223 #227 #235 #240 #244 #248 #252 #256 #202
[mk-app] #260 = #203 #259
[mk-proof] #261 monotonicity #213 #217 #221 #225 #229 #238 #242 #246 #250 #254 #258 #260
[mk-proof] #262 rewrite #260
[mk-proof] #257 mp #204 #262 #259
[mk-proof] #258 and-elim #257 #210
[mk-proof] #253 and-elim #257 #215
[mk-proof] #254 and-elim #257 #219
[mk-proof] #249 and-elim #257 #223
[mk-proof] #250 and-elim #257 #227
[mk-proof] #245 and-elim #257 #235
[mk-proof] #246 and-elim #257 #240
[mk-proof] #241 and-elim #257 #244
[mk-proof] #242 and-elim #257 #248
[mk-proof] #232 and-elim #257 #252
[mk-proof] #234 and-elim #257 #256
[mk-proof] #230 and-elim #257 #202
[mk-app] #231 grantExclusiveRule@1
[mk-app] #236 homeSharerList@2
[mk-app] #237 store #67 #81 #1
[mk-app] #238 = #236 #237
[mk-app] #228 homeCurrentReqExclusive@2
[mk-app] #229 not #228
[mk-app] #224 homeExclusiveGranted@2
[mk-app] #225 grantExclusive@2
[mk-app] #220 store #74 #81 #1
[mk-app] #221 = #225 #220
[mk-app] #216 homeCurrentReqShared@2
[mk-app] #217 = #77 #216
[mk-app] #205 grantShared@2
[mk-app] #206 = #79 #205
[mk-app] #207 homeCurrentclient@2
[mk-app] #208 = #81 #207
[mk-app] #211 homeInvalidateList@2
[mk-app] #212 = #83 #211
[mk-app] #213 reqExclusive@2
[mk-app] #261 = #85 #213
[mk-app] #263 reqShared@2
[mk-app] #264 = #87 #263
[mk-app] #265 cacheExclusive@2
[mk-app] #266 = #89 #265
[mk-app] #267 invalidateAck@2
[mk-app] #268 = #91 #267
[mk-app] #269 cacheShared@2
[mk-app] #270 = #93 #269
[mk-app] #271 invalidate@2
[mk-app] #272 = #95 #271
[mk-app] #273 select #95 #81
[mk-app] #274 not #273
[mk-app] #275 select #79 #81
[mk-app] #276 not #275
[mk-app] #277 select #74 #81
[mk-app] #278 not #277
[mk-app] #279 select #67 #103
[mk-app] #280 not #279
[mk-quant] #281 k!323 1 #280
[attach-var-names] #281 (|I:client| ; |client|)
[mk-app] #282 and #238 #229 #224 #221 #217 #206 #208 #212 #261 #264 #266 #268 #270 #272 #71 #274 #276 #278 #281
[mk-app] #283 => #231 #282
[mk-app] #284 grantSharedRule@1
[mk-app] #285 not #216
[mk-app] #286 store #79 #81 #1
[mk-app] #287 = #205 #286
[mk-app] #288 = #74 #225
[mk-app] #289 = #73 #224
[mk-app] #290 = #71 #228
[mk-app] #291 and #238 #285 #287 #288 #289 #290 #208 #212 #261 #264 #266 #268 #270 #272 #77 #145 #274 #276 #278
[mk-app] #292 => #284 #291
[mk-app] #293 pickNewExclusiveRequestRule@1
[mk-app] #294 fml:cl@1
[mk-app] #295 store #85 #294 #2
[mk-app] #296 = #213 #295
[mk-app] #297 = #207 #294
[mk-app] #298 = #211 #67
[mk-app] #299 = #67 #236
[mk-app] #300 select #85 #294
[mk-app] #301 and #228 #296 #297 #298 #288 #289 #299 #217 #206 #264 #266 #268 #270 #272 #110 #72 #300
[mk-app] #302 => #293 #301
[mk-app] #303 pickNewSharedRequestRule@1
[mk-app] #304 store #87 #294 #2
[mk-app] #305 = #263 #304
[mk-app] #306 select #87 #294
[mk-app] #307 and #216 #305 #297 #298 #288 #289 #299 #290 #206 #261 #266 #268 #270 #272 #110 #72 #306
[mk-app] #308 => #303 #307
[mk-app] #309 receiveExclusiveGrantRule@1
[mk-app] #310 store #89 #294 #1
[mk-app] #311 = #265 #310
[mk-app] #312 store #74 #294 #2
[mk-app] #313 = #225 #312
[mk-app] #314 select #74 #294
[mk-app] #315 and #311 #313 #289 #299 #290 #217 #206 #208 #212 #261 #264 #268 #270 #272 #314
[mk-app] #316 => #309 #315
[mk-app] #317 receiveInvalidateAckRule@1
[mk-app] #318 store #67 #294 #2
[mk-app] #319 = #236 #318
[mk-app] #320 not #224
[mk-app] #321 store #91 #294 #2
[mk-app] #322 = #267 #321
[mk-app] #323 or #77 #71
[mk-app] #324 select #91 #294
[mk-app] #325 and #319 #320 #322 #288 #290 #217 #206 #208 #212 #261 #264 #266 #270 #272 #323 #324
[mk-app] #326 => #317 #325
[mk-app] #327 receiveSharedGrantRule@1
[mk-app] #328 store #93 #294 #1
[mk-app] #329 = #269 #328
[mk-app] #330 store #79 #294 #2
[mk-app] #331 = #205 #330
[mk-app] #332 select #79 #294
[mk-app] #333 and #329 #331 #288 #289 #299 #290 #217 #208 #212 #261 #264 #266 #268 #272 #332
[mk-app] #334 => #327 #333
[mk-app] #335 reqExclusiveRule@1
[mk-app] #336 store #85 #294 #1
[mk-app] #337 = #213 #336
[mk-app] #338 select #93 #294
[mk-app] #339 not #338
[mk-app] #340 select #89 #294
[mk-app] #341 not #340
[mk-app] #342 not #306
[mk-app] #343 not #300
[mk-app] #344 and #337 #288 #289 #299 #290 #217 #206 #208 #212 #264 #266 #268 #270 #272 #339 #341 #342 #343
[mk-app] #345 => #335 #344
[mk-app] #346 reqSharedRule@1
[mk-app] #347 store #87 #294 #1
[mk-app] #348 = #263 #347
[mk-app] #349 and #348 #288 #289 #299 #290 #217 #206 #208 #212 #261 #266 #268 #270 #272 #339 #341 #342 #343
[mk-app] #350 => #346 #349
[mk-app] #351 sendInvalidateRule@1
[mk-app] #352 store #95 #294 #1
[mk-app] #353 = #271 #352
[mk-app] #354 store #83 #294 #2
[mk-app] #355 = #211 #354
[mk-app] #356 select #95 #294
[mk-app] #357 not #356
[mk-app] #358 not #332
[mk-app] #359 not #314
[mk-app] #360 select #83 #294
[mk-app] #361 and #77 #73
[mk-app] #362 or #71 #361
[mk-app] #363 and #353 #355 #288 #289 #299 #290 #217 #206 #208 #261 #264 #266 #268 #270 #357 #358 #359 #360 #362
[mk-app] #364 => #351 #363
[mk-app] #365 sharerInvalidatesCacheRule@1
[mk-app] #366 store #95 #294 #2
[mk-app] #367 = #271 #366
[mk-app] #368 store #91 #294 #1
[mk-app] #369 = #267 #368
[mk-app] #370 store #93 #294 #2
[mk-app] #371 = #269 #370
[mk-app] #372 store #89 #294 #2
[mk-app] #373 = #265 #372
[mk-app] #374 not #324
[mk-app] #375 and #367 #369 #371 #373 #288 #289 #299 #290 #217 #206 #208 #212 #261 #264 #356 #374
[mk-app] #376 => #365 #375
[mk-app] #377 or #231 #284 #293 #303 #309 #317 #327 #335 #346 #351 #365
[mk-app] #378 and #283 #292 #302 #308 #316 #326 #334 #345 #350 #364 #376 #377
[mk-proof] #379 asserted #378
[mk-app] #380 = #282 #282
[mk-proof] #381 rewrite #380
[mk-app] #382 = #283 #283
[mk-proof] #383 monotonicity #381 #382
[mk-app] #384 not #231
[mk-app] #385 or #384 #282
[inst-discovered] theory-solving 0x0 basic# ; #283
[mk-app] #386 = #283 #385
[instance] 0x0 #386
[attach-enode] #386 0
[end-of-instance]
[mk-app] #386 = #283 #385
[mk-proof] #387 rewrite #386
[mk-proof] #388 trans #383 #387 #386
[mk-app] #389 not #284
[mk-app] #390 or #389 #291
[inst-discovered] theory-solving 0x0 basic# ; #292
[mk-app] #391 = #292 #390
[instance] 0x0 #391
[attach-enode] #391 0
[end-of-instance]
[mk-app] #391 = #292 #390
[mk-proof] #392 rewrite #391
[mk-app] #393 not #293
[mk-app] #394 or #393 #301
[inst-discovered] theory-solving 0x0 basic# ; #302
[mk-app] #395 = #302 #394
[instance] 0x0 #395
[attach-enode] #395 0
[end-of-instance]
[mk-app] #395 = #302 #394
[mk-proof] #396 rewrite #395
[mk-app] #397 not #303
[mk-app] #398 or #397 #307
[inst-discovered] theory-solving 0x0 basic# ; #308
[mk-app] #399 = #308 #398
[instance] 0x0 #399
[attach-enode] #399 0
[end-of-instance]
[mk-app] #399 = #308 #398
[mk-proof] #400 rewrite #399
[mk-app] #401 not #309
[mk-app] #402 or #401 #315
[inst-discovered] theory-solving 0x0 basic# ; #316
[mk-app] #403 = #316 #402
[instance] 0x0 #403
[attach-enode] #403 0
[end-of-instance]
[mk-app] #403 = #316 #402
[mk-proof] #404 rewrite #403
[mk-app] #405 or #71 #77
[inst-discovered] theory-solving 0x0 basic# ; #323
[mk-app] #406 = #323 #405
[instance] 0x0 #406
[attach-enode] #406 0
[end-of-instance]
[mk-app] #406 = #323 #405
[mk-proof] #407 rewrite #406
[mk-app] #408 and #319 #320 #322 #288 #290 #217 #206 #208 #212 #261 #264 #266 #270 #272 #405 #324
[mk-app] #409 = #325 #408
[mk-proof] #410 monotonicity #407 #409
[mk-proof] #411 rewrite #409
[mk-app] #406 => #317 #408
[mk-app] #407 = #326 #406
[mk-proof] #410 monotonicity #411 #407
[mk-app] #412 not #317
[mk-app] #413 or #412 #408
[inst-discovered] theory-solving 0x0 basic# ; #406
[mk-app] #414 = #406 #413
[instance] 0x0 #414
[attach-enode] #414 0
[end-of-instance]
[mk-app] #414 = #406 #413
[mk-proof] #415 rewrite #414
[mk-app] #416 = #326 #413
[mk-proof] #417 trans #410 #415 #416
[mk-app] #418 not #327
[mk-app] #419 or #418 #333
[inst-discovered] theory-solving 0x0 basic# ; #334
[mk-app] #420 = #334 #419
[instance] 0x0 #420
[attach-enode] #420 0
[end-of-instance]
[mk-app] #420 = #334 #419
[mk-proof] #421 rewrite #420
[mk-app] #422 not #335
[mk-app] #423 or #422 #344
[inst-discovered] theory-solving 0x0 basic# ; #345
[mk-app] #424 = #345 #423
[instance] 0x0 #424
[attach-enode] #424 0
[end-of-instance]
[mk-app] #424 = #345 #423
[mk-proof] #425 rewrite #424
[mk-app] #426 not #346
[mk-app] #427 or #426 #349
[inst-discovered] theory-solving 0x0 basic# ; #350
[mk-app] #428 = #350 #427
[instance] 0x0 #428
[attach-enode] #428 0
[end-of-instance]
[mk-app] #428 = #350 #427
[mk-proof] #429 rewrite #428
[mk-app] #430 not #351
[mk-app] #431 or #430 #363
[inst-discovered] theory-solving 0x0 basic# ; #364
[mk-app] #432 = #364 #431
[instance] 0x0 #432
[attach-enode] #432 0
[end-of-instance]
[mk-app] #432 = #364 #431
[mk-proof] #433 rewrite #432
[mk-app] #434 not #365
[mk-app] #435 or #434 #375
[inst-discovered] theory-solving 0x0 basic# ; #376
[mk-app] #436 = #376 #435
[instance] 0x0 #436
[attach-enode] #436 0
[end-of-instance]
[mk-app] #436 = #376 #435
[mk-proof] #437 rewrite #436
[mk-app] #438 and #385 #390 #394 #398 #402 #413 #419 #423 #427 #431 #435 #377
[mk-app] #439 = #378 #438
[mk-proof] #440 monotonicity #388 #392 #396 #400 #404 #417 #421 #425 #429 #433 #437 #439
[mk-proof] #441 rewrite #439
[mk-proof] #436 mp #379 #441 #438
[mk-proof] #437 and-elim #436 #385
[mk-proof] #432 and-elim #436 #390
[mk-proof] #433 and-elim #436 #394
[mk-proof] #428 and-elim #436 #398
[mk-proof] #429 and-elim #436 #402
[mk-proof] #424 and-elim #436 #413
[mk-proof] #425 and-elim #436 #419
[mk-proof] #420 and-elim #436 #423
[mk-proof] #421 and-elim #436 #427
[mk-proof] #409 and-elim #436 #431
[mk-proof] #411 and-elim #436 #435
[mk-proof] #406 and-elim #436 #377
[mk-app] #407 grantExclusiveRule@2
[mk-app] #410 homeSharerList@3
[mk-app] #414 store #236 #207 #1
[mk-app] #415 = #410 #414
[mk-app] #416 homeCurrentReqExclusive@3
[mk-app] #417 not #416
[mk-app] #403 homeExclusiveGranted@3
[mk-app] #404 grantExclusive@3
[mk-app] #399 store #225 #207 #1
[mk-app] #400 = #404 #399
[mk-app] #395 homeCurrentReqShared@3
[mk-app] #396 = #216 #395
[mk-app] #391 grantShared@3
[mk-app] #392 = #205 #391
[mk-app] #380 homeCurrentclient@3
[mk-app] #381 = #207 #380
[mk-app] #382 homeInvalidateList@3
[mk-app] #383 = #211 #382
[mk-app] #386 reqExclusive@3
[mk-app] #387 = #213 #386
[mk-app] #388 reqShared@3
[mk-app] #440 = #263 #388
[mk-app] #442 cacheExclusive@3
[mk-app] #443 = #265 #442
[mk-app] #444 invalidateAck@3
[mk-app] #445 = #267 #444
[mk-app] #446 cacheShared@3
[mk-app] #447 = #269 #446
[mk-app] #448 invalidate@3
[mk-app] #449 = #271 #448
[mk-app] #450 select #271 #207
[mk-app] #451 not #450
[mk-app] #452 select #205 #207
[mk-app] #453 not #452
[mk-app] #454 select #225 #207
[mk-app] #455 not #454
[mk-app] #456 select #236 #103
[mk-app] #457 not #456
[mk-quant] #458 k!324 1 #457
[attach-var-names] #458 (|I:client| ; |client|)
[mk-app] #459 and #415 #417 #403 #400 #396 #392 #381 #383 #387 #440 #443 #445 #447 #449 #228 #451 #453 #455 #458
[mk-app] #460 => #407 #459
[mk-app] #461 grantSharedRule@2
[mk-app] #462 not #395
[mk-app] #463 store #205 #207 #1
[mk-app] #464 = #391 #463
[mk-app] #465 = #225 #404
[mk-app] #466 = #224 #403
[mk-app] #467 = #228 #416
[mk-app] #468 and #415 #462 #464 #465 #466 #467 #381 #383 #387 #440 #443 #445 #447 #449 #216 #320 #451 #453 #455
[mk-app] #469 => #461 #468
[mk-app] #470 pickNewExclusiveRequestRule@2
[mk-app] #471 fml:cl@2
[mk-app] #472 store #213 #471 #2
[mk-app] #473 = #386 #472
[mk-app] #474 = #380 #471
[mk-app] #475 = #382 #236
[mk-app] #476 = #236 #410
[mk-app] #477 select #213 #471
[mk-app] #478 and #416 #473 #474 #475 #465 #466 #476 #396 #392 #440 #443 #445 #447 #449 #285 #229 #477
[mk-app] #479 => #470 #478
[mk-app] #480 pickNewSharedRequestRule@2
[mk-app] #481 store #263 #471 #2
[mk-app] #482 = #388 #481
[mk-app] #483 select #263 #471
[mk-app] #484 and #395 #482 #474 #475 #465 #466 #476 #467 #392 #387 #443 #445 #447 #449 #285 #229 #483
[mk-app] #485 => #480 #484
[mk-app] #486 receiveExclusiveGrantRule@2
[mk-app] #487 store #265 #471 #1
[mk-app] #488 = #442 #487
[mk-app] #489 store #225 #471 #2
[mk-app] #490 = #404 #489
[mk-app] #491 select #225 #471
[mk-app] #492 and #488 #490 #466 #476 #467 #396 #392 #381 #383 #387 #440 #445 #447 #449 #491
[mk-app] #493 => #486 #492
[mk-app] #494 receiveInvalidateAckRule@2
[mk-app] #495 store #236 #471 #2
[mk-app] #496 = #410 #495
[mk-app] #497 not #403
[mk-app] #498 store #267 #471 #2
[mk-app] #499 = #444 #498
[mk-app] #500 or #216 #228
[mk-app] #501 select #267 #471
[mk-app] #502 and #496 #497 #499 #465 #467 #396 #392 #381 #383 #387 #440 #443 #447 #449 #500 #501
[mk-app] #503 => #494 #502
[mk-app] #504 receiveSharedGrantRule@2
[mk-app] #505 store #269 #471 #1
[mk-app] #506 = #446 #505
[mk-app] #507 store #205 #471 #2
[mk-app] #508 = #391 #507
[mk-app] #509 select #205 #471
[mk-app] #510 and #506 #508 #465 #466 #476 #467 #396 #381 #383 #387 #440 #443 #445 #449 #509
[mk-app] #511 => #504 #510
[mk-app] #512 reqExclusiveRule@2
[mk-app] #513 store #213 #471 #1
[mk-app] #514 = #386 #513
[mk-app] #515 select #269 #471
[mk-app] #516 not #515
[mk-app] #517 select #265 #471
[mk-app] #518 not #517
[mk-app] #519 not #483
[mk-app] #520 not #477
[mk-app] #521 and #514 #465 #466 #476 #467 #396 #392 #381 #383 #440 #443 #445 #447 #449 #516 #518 #519 #520
[mk-app] #522 => #512 #521
[mk-app] #523 reqSharedRule@2
[mk-app] #524 store #263 #471 #1
[mk-app] #525 = #388 #524
[mk-app] #526 and #525 #465 #466 #476 #467 #396 #392 #381 #383 #387 #443 #445 #447 #449 #516 #518 #519 #520
[mk-app] #527 => #523 #526
[mk-app] #528 sendInvalidateRule@2
[mk-app] #529 store #271 #471 #1
[mk-app] #530 = #448 #529
[mk-app] #531 store #211 #471 #2
[mk-app] #532 = #382 #531
[mk-app] #533 select #271 #471
[mk-app] #534 not #533
[mk-app] #535 not #509
[mk-app] #536 not #491
[mk-app] #537 select #211 #471
[mk-app] #538 and #216 #224
[mk-app] #539 or #228 #538
[mk-app] #540 and #530 #532 #465 #466 #476 #467 #396 #392 #381 #387 #440 #443 #445 #447 #534 #535 #536 #537 #539
[mk-app] #541 => #528 #540
[mk-app] #542 sharerInvalidatesCacheRule@2
[mk-app] #543 store #271 #471 #2
[mk-app] #544 = #448 #543
[mk-app] #545 store #267 #471 #1
[mk-app] #546 = #444 #545
[mk-app] #547 store #269 #471 #2
[mk-app] #548 = #446 #547
[mk-app] #549 store #265 #471 #2
[mk-app] #550 = #442 #549
[mk-app] #551 not #501
[mk-app] #552 and #544 #546 #548 #550 #465 #466 #476 #467 #396 #392 #381 #383 #387 #440 #533 #551
[mk-app] #553 => #542 #552
[mk-app] #554 or #407 #461 #470 #480 #486 #494 #504 #512 #523 #528 #542
[mk-app] #555 and #460 #469 #479 #485 #493 #503 #511 #522 #527 #541 #553 #554
[mk-proof] #556 asserted #555
[mk-app] #557 = #459 #459
[mk-proof] #558 rewrite #557
[mk-app] #559 = #460 #460
[mk-proof] #560 monotonicity #558 #559
[mk-app] #561 not #407
[mk-app] #562 or #561 #459
[inst-discovered] theory-solving 0x0 basic# ; #460
[mk-app] #563 = #460 #562
[instance] 0x0 #563
[attach-enode] #563 0
[end-of-instance]
[mk-app] #563 = #460 #562
[mk-proof] #564 rewrite #563
[mk-proof] #565 trans #560 #564 #563
[mk-app] #566 not #461
[mk-app] #567 or #566 #468
[inst-discovered] theory-solving 0x0 basic# ; #469
[mk-app] #568 = #469 #567
[instance] 0x0 #568
[attach-enode] #568 0
[end-of-instance]
[mk-app] #568 = #469 #567
[mk-proof] #569 rewrite #568
[mk-app] #570 not #470
[mk-app] #571 or #570 #478
[inst-discovered] theory-solving 0x0 basic# ; #479
[mk-app] #572 = #479 #571
[instance] 0x0 #572
[attach-enode] #572 0
[end-of-instance]
[mk-app] #572 = #479 #571
[mk-proof] #573 rewrite #572
[mk-app] #574 not #480
[mk-app] #575 or #574 #484
[inst-discovered] theory-solving 0x0 basic# ; #485
[mk-app] #576 = #485 #575
[instance] 0x0 #576
[attach-enode] #576 0
[end-of-instance]
[mk-app] #576 = #485 #575
[mk-proof] #577 rewrite #576
[mk-app] #578 not #486
[mk-app] #579 or #578 #492
[inst-discovered] theory-solving 0x0 basic# ; #493
[mk-app] #580 = #493 #579
[instance] 0x0 #580
[attach-enode] #580 0
[end-of-instance]
[mk-app] #580 = #493 #579
[mk-proof] #581 rewrite #580
[inst-discovered] theory-solving 0x0 basic# ; #500
[mk-app] #582 = #500 #500
[instance] 0x0 #582
[attach-enode] #582 0
[end-of-instance]
[mk-app] #582 = #500 #500
[mk-proof] #583 rewrite #582
[mk-app] #584 = #502 #502
[mk-proof] #585 monotonicity #583 #584
[mk-proof] #586 rewrite #584
[mk-app] #582 = #503 #503
[mk-proof] #583 monotonicity #586 #582
[mk-app] #585 not #494
[mk-app] #587 or #585 #502
[inst-discovered] theory-solving 0x0 basic# ; #503
[mk-app] #588 = #503 #587
[instance] 0x0 #588
[attach-enode] #588 0
[end-of-instance]
[mk-app] #588 = #503 #587
[mk-proof] #589 rewrite #588
[mk-proof] #590 trans #583 #589 #588
[mk-app] #591 not #504
[mk-app] #592 or #591 #510
[inst-discovered] theory-solving 0x0 basic# ; #511
[mk-app] #593 = #511 #592
[instance] 0x0 #593
[attach-enode] #593 0
[end-of-instance]
[mk-app] #593 = #511 #592
[mk-proof] #594 rewrite #593
[mk-app] #595 not #512
[mk-app] #596 or #595 #521
[inst-discovered] theory-solving 0x0 basic# ; #522
[mk-app] #597 = #522 #596
[instance] 0x0 #597
[attach-enode] #597 0
[end-of-instance]
[mk-app] #597 = #522 #596
[mk-proof] #598 rewrite #597
[mk-app] #599 not #523
[mk-app] #600 or #599 #526
[inst-discovered] theory-solving 0x0 basic# ; #527
[mk-app] #601 = #527 #600
[instance] 0x0 #601
[attach-enode] #601 0
[end-of-instance]
[mk-app] #601 = #527 #600
[mk-proof] #602 rewrite #601
[mk-app] #603 not #528
[mk-app] #604 or #603 #540
[inst-discovered] theory-solving 0x0 basic# ; #541
[mk-app] #605 = #541 #604
[instance] 0x0 #605
[attach-enode] #605 0
[end-of-instance]
[mk-app] #605 = #541 #604
[mk-proof] #606 rewrite #605
[mk-app] #607 not #542
[mk-app] #608 or #607 #552
[inst-discovered] theory-solving 0x0 basic# ; #553
[mk-app] #609 = #553 #608
[instance] 0x0 #609
[attach-enode] #609 0
[end-of-instance]
[mk-app] #609 = #553 #608
[mk-proof] #610 rewrite #609
[mk-app] #611 and #562 #567 #571 #575 #579 #587 #592 #596 #600 #604 #608 #554
[mk-app] #612 = #555 #611
[mk-proof] #613 monotonicity #565 #569 #573 #577 #581 #590 #594 #598 #602 #606 #610 #612
[mk-proof] #614 rewrite #612
[mk-proof] #609 mp #556 #614 #611
[mk-proof] #610 and-elim #609 #562
[mk-proof] #605 and-elim #609 #567
[mk-proof] #606 and-elim #609 #571
[mk-proof] #601 and-elim #609 #575
[mk-proof] #602 and-elim #609 #579
[mk-proof] #597 and-elim #609 #587
[mk-proof] #598 and-elim #609 #592
[mk-proof] #593 and-elim #609 #596
[mk-proof] #594 and-elim #609 #600
[mk-proof] #584 and-elim #609 #604
[mk-proof] #586 and-elim #609 #608
[mk-proof] #582 and-elim #609 #554
[mk-app] #583 grantExclusiveRule@3
[mk-app] #588 homeSharerList@4
[mk-app] #589 store #410 #380 #1
[mk-app] #590 = #588 #589
[mk-app] #580 homeCurrentReqExclusive@4
[mk-app] #581 not #580
[mk-app] #576 homeExclusiveGranted@4
[mk-app] #577 grantExclusive@4
[mk-app] #572 store #404 #380 #1
[mk-app] #573 = #577 #572
[mk-app] #568 homeCurrentReqShared@4
[mk-app] #569 = #395 #568
[mk-app] #557 grantShared@4
[mk-app] #558 = #391 #557
[mk-app] #559 homeCurrentclient@4
[mk-app] #560 = #380 #559
[mk-app] #563 homeInvalidateList@4
[mk-app] #564 = #382 #563
[mk-app] #565 reqExclusive@4
[mk-app] #613 = #386 #565
[mk-app] #615 reqShared@4
[mk-app] #616 = #388 #615
[mk-app] #617 cacheExclusive@4
[mk-app] #618 = #442 #617
[mk-app] #619 invalidateAck@4
[mk-app] #620 = #444 #619
[mk-app] #621 cacheShared@4
[mk-app] #622 = #446 #621
[mk-app] #623 invalidate@4
[mk-app] #624 = #448 #623
[mk-app] #625 select #448 #380
[mk-app] #626 not #625
[mk-app] #627 select #391 #380
[mk-app] #628 not #627
[mk-app] #629 select #404 #380
[mk-app] #630 not #629
[mk-app] #631 select #410 #103
[mk-app] #632 not #631
[mk-quant] #633 k!325 1 #632
[attach-var-names] #633 (|I:client| ; |client|)
[mk-app] #634 and #590 #581 #576 #573 #569 #558 #560 #564 #613 #616 #618 #620 #622 #624 #416 #626 #628 #630 #633
[mk-app] #635 => #583 #634
[mk-app] #636 grantSharedRule@3
[mk-app] #637 not #568
[mk-app] #638 store #391 #380 #1
[mk-app] #639 = #557 #638
[mk-app] #640 = #404 #577
[mk-app] #641 = #403 #576
[mk-app] #642 = #416 #580
[mk-app] #643 and #590 #637 #639 #640 #641 #642 #560 #564 #613 #616 #618 #620 #622 #624 #395 #497 #626 #628 #630
[mk-app] #644 => #636 #643
[mk-app] #645 pickNewExclusiveRequestRule@3
[mk-app] #646 fml:cl@3
[mk-app] #647 store #386 #646 #2
[mk-app] #648 = #565 #647
[mk-app] #649 = #559 #646
[mk-app] #650 = #563 #410
[mk-app] #651 = #410 #588
[mk-app] #652 select #386 #646
[mk-app] #653 and #580 #648 #649 #650 #640 #641 #651 #569 #558 #616 #618 #620 #622 #624 #462 #417 #652
[mk-app] #654 => #645 #653
[mk-app] #655 pickNewSharedRequestRule@3
[mk-app] #656 store #388 #646 #2
[mk-app] #657 = #615 #656
[mk-app] #658 select #388 #646
[mk-app] #659 and #568 #657 #649 #650 #640 #641 #651 #642 #558 #613 #618 #620 #622 #624 #462 #417 #658
[mk-app] #660 => #655 #659
[mk-app] #661 receiveExclusiveGrantRule@3
[mk-app] #662 store #442 #646 #1
[mk-app] #663 = #617 #662
[mk-app] #664 store #404 #646 #2
[mk-app] #665 = #577 #664
[mk-app] #666 select #404 #646
[mk-app] #667 and #663 #665 #641 #651 #642 #569 #558 #560 #564 #613 #616 #620 #622 #624 #666
[mk-app] #668 => #661 #667
[mk-app] #669 receiveInvalidateAckRule@3
[mk-app] #670 store #410 #646 #2
[mk-app] #671 = #588 #670
[mk-app] #672 not #576
[mk-app] #673 store #444 #646 #2
[mk-app] #674 = #619 #673
[mk-app] #675 or #395 #416
[mk-app] #676 select #444 #646
[mk-app] #677 and #671 #672 #674 #640 #642 #569 #558 #560 #564 #613 #616 #618 #622 #624 #675 #676
[mk-app] #678 => #669 #677
[mk-app] #679 receiveSharedGrantRule@3
[mk-app] #680 store #446 #646 #1
[mk-app] #681 = #621 #680
[mk-app] #682 store #391 #646 #2
[mk-app] #683 = #557 #682
[mk-app] #684 select #391 #646
[mk-app] #685 and #681 #683 #640 #641 #651 #642 #569 #560 #564 #613 #616 #618 #620 #624 #684
[mk-app] #686 => #679 #685
[mk-app] #687 reqExclusiveRule@3
[mk-app] #688 store #386 #646 #1
[mk-app] #689 = #565 #688
[mk-app] #690 select #446 #646
[mk-app] #691 not #690
[mk-app] #692 select #442 #646
[mk-app] #693 not #692
[mk-app] #694 not #658
[mk-app] #695 not #652
[mk-app] #696 and #689 #640 #641 #651 #642 #569 #558 #560 #564 #616 #618 #620 #622 #624 #691 #693 #694 #695
[mk-app] #697 => #687 #696
[mk-app] #698 reqSharedRule@3
[mk-app] #699 store #388 #646 #1
[mk-app] #700 = #615 #699
[mk-app] #701 and #700 #640 #641 #651 #642 #569 #558 #560 #564 #613 #618 #620 #622 #624 #691 #693 #694 #695
[mk-app] #702 => #698 #701
[mk-app] #703 sendInvalidateRule@3
[mk-app] #704 store #448 #646 #1
[mk-app] #705 = #623 #704
[mk-app] #706 store #382 #646 #2
[mk-app] #707 = #563 #706
[mk-app] #708 select #448 #646
[mk-app] #709 not #708
[mk-app] #710 not #684
[mk-app] #711 not #666
[mk-app] #712 select #382 #646
[mk-app] #713 and #395 #403
[mk-app] #714 or #416 #713
[mk-app] #715 and #705 #707 #640 #641 #651 #642 #569 #558 #560 #613 #616 #618 #620 #622 #709 #710 #711 #712 #714
[mk-app] #716 => #703 #715
[mk-app] #717 sharerInvalidatesCacheRule@3
[mk-app] #718 store #448 #646 #2
[mk-app] #719 = #623 #718
[mk-app] #720 store #444 #646 #1
[mk-app] #721 = #619 #720
[mk-app] #722 store #446 #646 #2
[mk-app] #723 = #621 #722
[mk-app] #724 store #442 #646 #2
[mk-app] #725 = #617 #724
[mk-app] #726 not #676
[mk-app] #727 and #719 #721 #723 #725 #640 #641 #651 #642 #569 #558 #560 #564 #613 #616 #708 #726
[mk-app] #728 => #717 #727
[mk-app] #729 or #583 #636 #645 #655 #661 #669 #679 #687 #698 #703 #717
[mk-app] #730 and #635 #644 #654 #660 #668 #678 #686 #697 #702 #716 #728 #729
[mk-proof] #731 asserted #730
[mk-app] #732 = #634 #634
[mk-proof] #733 rewrite #732
[mk-app] #734 = #635 #635
[mk-proof] #735 monotonicity #733 #734
[mk-app] #736 not #583
[mk-app] #737 or #736 #634
[inst-discovered] theory-solving 0x0 basic# ; #635
[mk-app] #738 = #635 #737
[instance] 0x0 #738
[attach-enode] #738 0
[end-of-instance]
[mk-app] #738 = #635 #737
[mk-proof] #739 rewrite #738
[mk-proof] #740 trans #735 #739 #738
[mk-app] #741 not #636
[mk-app] #742 or #741 #643
[inst-discovered] theory-solving 0x0 basic# ; #644
[mk-app] #743 = #644 #742
[instance] 0x0 #743
[attach-enode] #743 0
[end-of-instance]
[mk-app] #743 = #644 #742
[mk-proof] #744 rewrite #743
[mk-app] #745 not #645
[mk-app] #746 or #745 #653
[inst-discovered] theory-solving 0x0 basic# ; #654
[mk-app] #747 = #654 #746
[instance] 0x0 #747
[attach-enode] #747 0
[end-of-instance]
[mk-app] #747 = #654 #746
[mk-proof] #748 rewrite #747
[mk-app] #749 not #655
[mk-app] #750 or #749 #659
[inst-discovered] theory-solving 0x0 basic# ; #660
[mk-app] #751 = #660 #750
[instance] 0x0 #751
[attach-enode] #751 0
[end-of-instance]
[mk-app] #751 = #660 #750
[mk-proof] #752 rewrite #751
[mk-app] #753 not #661
[mk-app] #754 or #753 #667
[inst-discovered] theory-solving 0x0 basic# ; #668
[mk-app] #755 = #668 #754
[instance] 0x0 #755
[attach-enode] #755 0
[end-of-instance]
[mk-app] #755 = #668 #754
[mk-proof] #756 rewrite #755
[inst-discovered] theory-solving 0x0 basic# ; #675
[mk-app] #757 = #675 #675
[instance] 0x0 #757
[attach-enode] #757 0
[end-of-instance]
[mk-app] #757 = #675 #675
[mk-proof] #758 rewrite #757
[mk-app] #759 = #677 #677
[mk-proof] #760 monotonicity #758 #759
[mk-proof] #761 rewrite #759
[mk-app] #757 = #678 #678
[mk-proof] #758 monotonicity #761 #757
[mk-app] #760 not #669
[mk-app] #762 or #760 #677
[inst-discovered] theory-solving 0x0 basic# ; #678
[mk-app] #763 = #678 #762
[instance] 0x0 #763
[attach-enode] #763 0
[end-of-instance]
[mk-app] #763 = #678 #762
[mk-proof] #764 rewrite #763
[mk-proof] #765 trans #758 #764 #763
[mk-app] #766 not #679
[mk-app] #767 or #766 #685
[inst-discovered] theory-solving 0x0 basic# ; #686
[mk-app] #768 = #686 #767
[instance] 0x0 #768
[attach-enode] #768 0
[end-of-instance]
[mk-app] #768 = #686 #767
[mk-proof] #769 rewrite #768
[mk-app] #770 not #687
[mk-app] #771 or #770 #696
[inst-discovered] theory-solving 0x0 basic# ; #697
[mk-app] #772 = #697 #771
[instance] 0x0 #772
[attach-enode] #772 0
[end-of-instance]
[mk-app] #772 = #697 #771
[mk-proof] #773 rewrite #772
[mk-app] #774 not #698
[mk-app] #775 or #774 #701
[inst-discovered] theory-solving 0x0 basic# ; #702
[mk-app] #776 = #702 #775
[instance] 0x0 #776
[attach-enode] #776 0
[end-of-instance]
[mk-app] #776 = #702 #775
[mk-proof] #777 rewrite #776
[mk-app] #778 not #703
[mk-app] #779 or #778 #715
[inst-discovered] theory-solving 0x0 basic# ; #716
[mk-app] #780 = #716 #779
[instance] 0x0 #780
[attach-enode] #780 0
[end-of-instance]
[mk-app] #780 = #716 #779
[mk-proof] #781 rewrite #780
[mk-app] #782 not #717
[mk-app] #783 or #782 #727
[inst-discovered] theory-solving 0x0 basic# ; #728
[mk-app] #784 = #728 #783
[instance] 0x0 #784
[attach-enode] #784 0
[end-of-instance]
[mk-app] #784 = #728 #783
[mk-proof] #785 rewrite #784
[mk-app] #786 and #737 #742 #746 #750 #754 #762 #767 #771 #775 #779 #783 #729
[mk-app] #787 = #730 #786
[mk-proof] #788 monotonicity #740 #744 #748 #752 #756 #765 #769 #773 #777 #781 #785 #787
[mk-proof] #789 rewrite #787
[mk-proof] #784 mp #731 #789 #786
[mk-proof] #785 and-elim #784 #737
[mk-proof] #780 and-elim #784 #742
[mk-proof] #781 and-elim #784 #746
[mk-proof] #776 and-elim #784 #750
[mk-proof] #777 and-elim #784 #754
[mk-proof] #772 and-elim #784 #762
[mk-proof] #773 and-elim #784 #767
[mk-proof] #768 and-elim #784 #771
[mk-proof] #769 and-elim #784 #775
[mk-proof] #759 and-elim #784 #779
[mk-proof] #761 and-elim #784 #783
[mk-proof] #757 and-elim #784 #729
[mk-app] #758 grantExclusiveRule@4
[mk-app] #763 homeSharerList@5
[mk-app] #764 store #588 #559 #1
[mk-app] #765 = #763 #764
[mk-app] #755 homeCurrentReqExclusive@5
[mk-app] #756 not #755
[mk-app] #751 homeExclusiveGranted@5
[mk-app] #752 grantExclusive@5
[mk-app] #747 store #577 #559 #1
[mk-app] #748 = #752 #747
[mk-app] #743 homeCurrentReqShared@5
[mk-app] #744 = #568 #743
[mk-app] #732 grantShared@5
[mk-app] #733 = #557 #732
[mk-app] #734 homeCurrentclient@5
[mk-app] #735 = #559 #734
[mk-app] #738 homeInvalidateList@5
[mk-app] #739 = #563 #738
[mk-app] #740 reqExclusive@5
[mk-app] #788 = #565 #740
[mk-app] #790 reqShared@5
[mk-app] #791 = #615 #790
[mk-app] #792 cacheExclusive@5
[mk-app] #793 = #617 #792
[mk-app] #794 invalidateAck@5
[mk-app] #795 = #619 #794
[mk-app] #796 cacheShared@5
[mk-app] #797 = #621 #796
[mk-app] #798 invalidate@5
[mk-app] #799 = #623 #798
[mk-app] #800 select #623 #559
[mk-app] #801 not #800
[mk-app] #802 select #557 #559
[mk-app] #803 not #802
[mk-app] #804 select #577 #559
[mk-app] #805 not #804
[mk-app] #806 select #588 #103
[mk-app] #807 not #806
[mk-quant] #808 k!326 1 #807
[attach-var-names] #808 (|I:client| ; |client|)
[mk-app] #809 and #765 #756 #751 #748 #744 #733 #735 #739 #788 #791 #793 #795 #797 #799 #580 #801 #803 #805 #808
[mk-app] #810 => #758 #809
[mk-app] #811 grantSharedRule@4
[mk-app] #812 not #743
[mk-app] #813 store #557 #559 #1
[mk-app] #814 = #732 #813
[mk-app] #815 = #577 #752
[mk-app] #816 = #576 #751
[mk-app] #817 = #580 #755
[mk-app] #818 and #765 #812 #814 #815 #816 #817 #735 #739 #788 #791 #793 #795 #797 #799 #568 #672 #801 #803 #805
[mk-app] #819 => #811 #818
[mk-app] #820 pickNewExclusiveRequestRule@4
[mk-app] #821 fml:cl@4
[mk-app] #822 store #565 #821 #2
[mk-app] #823 = #740 #822
[mk-app] #824 = #734 #821
[mk-app] #825 = #738 #588
[mk-app] #826 = #588 #763
[mk-app] #827 select #565 #821
[mk-app] #828 and #755 #823 #824 #825 #815 #816 #826 #744 #733 #791 #793 #795 #797 #799 #637 #581 #827
[mk-app] #829 => #820 #828
[mk-app] #830 pickNewSharedRequestRule@4
[mk-app] #831 store #615 #821 #2
[mk-app] #832 = #790 #831
[mk-app] #833 select #615 #821
[mk-app] #834 and #743 #832 #824 #825 #815 #816 #826 #817 #733 #788 #793 #795 #797 #799 #637 #581 #833
[mk-app] #835 => #830 #834
[mk-app] #836 receiveExclusiveGrantRule@4
[mk-app] #837 store #617 #821 #1
[mk-app] #838 = #792 #837
[mk-app] #839 store #577 #821 #2
[mk-app] #840 = #752 #839
[mk-app] #841 select #577 #821
[mk-app] #842 and #838 #840 #816 #826 #817 #744 #733 #735 #739 #788 #791 #795 #797 #799 #841
[mk-app] #843 => #836 #842
[mk-app] #844 receiveInvalidateAckRule@4
[mk-app] #845 store #588 #821 #2
[mk-app] #846 = #763 #845
[mk-app] #847 not #751
[mk-app] #848 store #619 #821 #2
[mk-app] #849 = #794 #848
[mk-app] #850 or #568 #580
[mk-app] #851 select #619 #821
[mk-app] #852 and #846 #847 #849 #815 #817 #744 #733 #735 #739 #788 #791 #793 #797 #799 #850 #851
[mk-app] #853 => #844 #852
[mk-app] #854 receiveSharedGrantRule@4
[mk-app] #855 store #621 #821 #1
[mk-app] #856 = #796 #855
[mk-app] #857 store #557 #821 #2
[mk-app] #858 = #732 #857
[mk-app] #859 select #557 #821
[mk-app] #860 and #856 #858 #815 #816 #826 #817 #744 #735 #739 #788 #791 #793 #795 #799 #859
[mk-app] #861 => #854 #860
[mk-app] #862 reqExclusiveRule@4
[mk-app] #863 store #565 #821 #1
[mk-app] #864 = #740 #863
[mk-app] #865 select #621 #821
[mk-app] #866 not #865
[mk-app] #867 select #617 #821
[mk-app] #868 not #867
[mk-app] #869 not #833
[mk-app] #870 not #827
[mk-app] #871 and #864 #815 #816 #826 #817 #744 #733 #735 #739 #791 #793 #795 #797 #799 #866 #868 #869 #870
[mk-app] #872 => #862 #871
[mk-app] #873 reqSharedRule@4
[mk-app] #874 store #615 #821 #1
[mk-app] #875 = #790 #874
[mk-app] #876 and #875 #815 #816 #826 #817 #744 #733 #735 #739 #788 #793 #795 #797 #799 #866 #868 #869 #870
[mk-app] #877 => #873 #876
[mk-app] #878 sendInvalidateRule@4
[mk-app] #879 store #623 #821 #1
[mk-app] #880 = #798 #879
[mk-app] #881 store #563 #821 #2
[mk-app] #882 = #738 #881
[mk-app] #883 select #623 #821
[mk-app] #884 not #883
[mk-app] #885 not #859
[mk-app] #886 not #841
[mk-app] #887 select #563 #821
[mk-app] #888 and #568 #576
[mk-app] #889 or #580 #888
[mk-app] #890 and #880 #882 #815 #816 #826 #817 #744 #733 #735 #788 #791 #793 #795 #797 #884 #885 #886 #887 #889
[mk-app] #891 => #878 #890
[mk-app] #892 sharerInvalidatesCacheRule@4
[mk-app] #893 store #623 #821 #2
[mk-app] #894 = #798 #893
[mk-app] #895 store #619 #821 #1
[mk-app] #896 = #794 #895
[mk-app] #897 store #621 #821 #2
[mk-app] #898 = #796 #897
[mk-app] #899 store #617 #821 #2
[mk-app] #900 = #792 #899
[mk-app] #901 not #851
[mk-app] #902 and #894 #896 #898 #900 #815 #816 #826 #817 #744 #733 #735 #739 #788 #791 #883 #901
[mk-app] #903 => #892 #902
[mk-app] #904 or #758 #811 #820 #830 #836 #844 #854 #862 #873 #878 #892
[mk-app] #905 and #810 #819 #829 #835 #843 #853 #861 #872 #877 #891 #903 #904
[mk-proof] #906 asserted #905
[mk-app] #907 = #809 #809
[mk-proof] #908 rewrite #907
[mk-app] #909 = #810 #810
[mk-proof] #910 monotonicity #908 #909
[mk-app] #911 not #758
[mk-app] #912 or #911 #809
[inst-discovered] theory-solving 0x0 basic# ; #810
[mk-app] #913 = #810 #912
[instance] 0x0 #913
[attach-enode] #913 0
[end-of-instance]
[mk-app] #913 = #810 #912
[mk-proof] #914 rewrite #913
[mk-proof] #915 trans #910 #914 #913
[mk-app] #916 not #811
[mk-app] #917 or #916 #818
[inst-discovered] theory-solving 0x0 basic# ; #819
[mk-app] #918 = #819 #917
[instance] 0x0 #918
[attach-enode] #918 0
[end-of-instance]
[mk-app] #918 = #819 #917
[mk-proof] #919 rewrite #918
[mk-app] #920 not #820
[mk-app] #921 or #920 #828
[inst-discovered] theory-solving 0x0 basic# ; #829
[mk-app] #922 = #829 #921
[instance] 0x0 #922
[attach-enode] #922 0
[end-of-instance]
[mk-app] #922 = #829 #921
[mk-proof] #923 rewrite #922
[mk-app] #924 not #830
[mk-app] #925 or #924 #834
[inst-discovered] theory-solving 0x0 basic# ; #835
[mk-app] #926 = #835 #925
[instance] 0x0 #926
[attach-enode] #926 0
[end-of-instance]
[mk-app] #926 = #835 #925
[mk-proof] #927 rewrite #926
[mk-app] #928 not #836
[mk-app] #929 or #928 #842
[inst-discovered] theory-solving 0x0 basic# ; #843
[mk-app] #930 = #843 #929
[instance] 0x0 #930
[attach-enode] #930 0
[end-of-instance]
[mk-app] #930 = #843 #929
[mk-proof] #931 rewrite #930
[inst-discovered] theory-solving 0x0 basic# ; #850
[mk-app] #932 = #850 #850
[instance] 0x0 #932
[attach-enode] #932 0
[end-of-instance]
[mk-app] #932 = #850 #850
[mk-proof] #933 rewrite #932
[mk-app] #934 = #852 #852
[mk-proof] #935 monotonicity #933 #934
[mk-proof] #936 rewrite #934
[mk-app] #932 = #853 #853
[mk-proof] #933 monotonicity #936 #932
[mk-app] #935 not #844
[mk-app] #937 or #935 #852
[inst-discovered] theory-solving 0x0 basic# ; #853
[mk-app] #938 = #853 #937
[instance] 0x0 #938
[attach-enode] #938 0
[end-of-instance]
[mk-app] #938 = #853 #937
[mk-proof] #939 rewrite #938
[mk-proof] #940 trans #933 #939 #938
[mk-app] #941 not #854
[mk-app] #942 or #941 #860
[inst-discovered] theory-solving 0x0 basic# ; #861
[mk-app] #943 = #861 #942
[instance] 0x0 #943
[attach-enode] #943 0
[end-of-instance]
[mk-app] #943 = #861 #942
[mk-proof] #944 rewrite #943
[mk-app] #945 not #862
[mk-app] #946 or #945 #871
[inst-discovered] theory-solving 0x0 basic# ; #872
[mk-app] #947 = #872 #946
[instance] 0x0 #947
[attach-enode] #947 0
[end-of-instance]
[mk-app] #947 = #872 #946
[mk-proof] #948 rewrite #947
[mk-app] #949 not #873
[mk-app] #950 or #949 #876
[inst-discovered] theory-solving 0x0 basic# ; #877
[mk-app] #951 = #877 #950
[instance] 0x0 #951
[attach-enode] #951 0
[end-of-instance]
[mk-app] #951 = #877 #950
[mk-proof] #952 rewrite #951
[mk-app] #953 not #878
[mk-app] #954 or #953 #890
[inst-discovered] theory-solving 0x0 basic# ; #891
[mk-app] #955 = #891 #954
[instance] 0x0 #955
[attach-enode] #955 0
[end-of-instance]
[mk-app] #955 = #891 #954
[mk-proof] #956 rewrite #955
[mk-app] #957 not #892
[mk-app] #958 or #957 #902
[inst-discovered] theory-solving 0x0 basic# ; #903
[mk-app] #959 = #903 #958
[instance] 0x0 #959
[attach-enode] #959 0
[end-of-instance]
[mk-app] #959 = #903 #958
[mk-proof] #960 rewrite #959
[mk-app] #961 and #912 #917 #921 #925 #929 #937 #942 #946 #950 #954 #958 #904
[mk-app] #962 = #905 #961
[mk-proof] #963 monotonicity #915 #919 #923 #927 #931 #940 #944 #948 #952 #956 #960 #962
[mk-proof] #964 rewrite #962
[mk-proof] #959 mp #906 #964 #961
[mk-proof] #960 and-elim #959 #912
[mk-proof] #955 and-elim #959 #917
[mk-proof] #956 and-elim #959 #921
[mk-proof] #951 and-elim #959 #925
[mk-proof] #952 and-elim #959 #929
[mk-proof] #947 and-elim #959 #937
[mk-proof] #948 and-elim #959 #942
[mk-proof] #943 and-elim #959 #946
[mk-proof] #944 and-elim #959 #950
[mk-proof] #934 and-elim #959 #954
[mk-proof] #936 and-elim #959 #958
[mk-proof] #932 and-elim #959 #904
[mk-app] #933 grantExclusiveRule@5
[mk-app] #938 homeSharerList@6
[mk-app] #939 store #763 #734 #1
[mk-app] #940 = #938 #939
[mk-app] #930 homeCurrentReqExclusive@6
[mk-app] #931 not #930
[mk-app] #926 homeExclusiveGranted@6
[mk-app] #927 grantExclusive@6
[mk-app] #922 store #752 #734 #1
[mk-app] #923 = #927 #922
[mk-app] #918 homeCurrentReqShared@6
[mk-app] #919 = #743 #918
[mk-app] #907 grantShared@6
[mk-app] #908 = #732 #907
[mk-app] #909 homeCurrentclient@6
[mk-app] #910 = #734 #909
[mk-app] #913 homeInvalidateList@6
[mk-app] #914 = #738 #913
[mk-app] #915 reqExclusive@6
[mk-app] #963 = #740 #915
[mk-app] #965 reqShared@6
[mk-app] #966 = #790 #965
[mk-app] #967 cacheExclusive@6
[mk-app] #968 = #792 #967
[mk-app] #969 invalidateAck@6
[mk-app] #970 = #794 #969
[mk-app] #971 cacheShared@6
[mk-app] #972 = #796 #971
[mk-app] #973 invalidate@6
[mk-app] #974 = #798 #973
[mk-app] #975 select #798 #734
[mk-app] #976 not #975
[mk-app] #977 select #732 #734
[mk-app] #978 not #977
[mk-app] #979 select #752 #734
[mk-app] #980 not #979
[mk-app] #981 select #763 #103
[mk-app] #982 not #981
[mk-quant] #983 k!327 1 #982
[attach-var-names] #983 (|I:client| ; |client|)
[mk-app] #984 and #940 #931 #926 #923 #919 #908 #910 #914 #963 #966 #968 #970 #972 #974 #755 #976 #978 #980 #983
[mk-app] #985 => #933 #984
[mk-app] #986 grantSharedRule@5
[mk-app] #987 not #918
[mk-app] #988 store #732 #734 #1
[mk-app] #989 = #907 #988
[mk-app] #990 = #752 #927
[mk-app] #991 = #751 #926
[mk-app] #992 = #755 #930
[mk-app] #993 and #940 #987 #989 #990 #991 #992 #910 #914 #963 #966 #968 #970 #972 #974 #743 #847 #976 #978 #980
[mk-app] #994 => #986 #993
[mk-app] #995 pickNewExclusiveRequestRule@5
[mk-app] #996 fml:cl@5
[mk-app] #997 store #740 #996 #2
[mk-app] #998 = #915 #997
[mk-app] #999 = #909 #996
[mk-app] #1000 = #913 #763
[mk-app] #1001 = #763 #938
[mk-app] #1002 select #740 #996
[mk-app] #1003 and #930 #998 #999 #1000 #990 #991 #1001 #919 #908 #966 #968 #970 #972 #974 #812 #756 #1002
[mk-app] #1004 => #995 #1003
[mk-app] #1005 pickNewSharedRequestRule@5
[mk-app] #1006 store #790 #996 #2
[mk-app] #1007 = #965 #1006
[mk-app] #1008 select #790 #996
[mk-app] #1009 and #918 #1007 #999 #1000 #990 #991 #1001 #992 #908 #963 #968 #970 #972 #974 #812 #756 #1008
[mk-app] #1010 => #1005 #1009
[mk-app] #1011 receiveExclusiveGrantRule@5
[mk-app] #1012 store #792 #996 #1
[mk-app] #1013 = #967 #1012
[mk-app] #1014 store #752 #996 #2
[mk-app] #1015 = #927 #1014
[mk-app] #1016 select #752 #996
[mk-app] #1017 and #1013 #1015 #991 #1001 #992 #919 #908 #910 #914 #963 #966 #970 #972 #974 #1016
[mk-app] #1018 => #1011 #1017
[mk-app] #1019 receiveInvalidateAckRule@5
[mk-app] #1020 store #763 #996 #2
[mk-app] #1021 = #938 #1020
[mk-app] #1022 not #926
[mk-app] #1023 store #794 #996 #2
[mk-app] #1024 = #969 #1023
[mk-app] #1025 or #743 #755
[mk-app] #1026 select #794 #996
[mk-app] #1027 and #1021 #1022 #1024 #990 #992 #919 #908 #910 #914 #963 #966 #968 #972 #974 #1025 #1026
[mk-app] #1028 => #1019 #1027
[mk-app] #1029 receiveSharedGrantRule@5
[mk-app] #1030 store #796 #996 #1
[mk-app] #1031 = #971 #1030
[mk-app] #1032 store #732 #996 #2
[mk-app] #1033 = #907 #1032
[mk-app] #1034 select #732 #996
[mk-app] #1035 and #1031 #1033 #990 #991 #1001 #992 #919 #910 #914 #963 #966 #968 #970 #974 #1034
[mk-app] #1036 => #1029 #1035
[mk-app] #1037 reqExclusiveRule@5
[mk-app] #1038 store #740 #996 #1
[mk-app] #1039 = #915 #1038
[mk-app] #1040 select #796 #996
[mk-app] #1041 not #1040
[mk-app] #1042 select #792 #996
[mk-app] #1043 not #1042
[mk-app] #1044 not #1008
[mk-app] #1045 not #1002
[mk-app] #1046 and #1039 #990 #991 #1001 #992 #919 #908 #910 #914 #966 #968 #970 #972 #974 #1041 #1043 #1044 #1045
[mk-app] #1047 => #1037 #1046
[mk-app] #1048 reqSharedRule@5
[mk-app] #1049 store #790 #996 #1
[mk-app] #1050 = #965 #1049
[mk-app] #1051 and #1050 #990 #991 #1001 #992 #919 #908 #910 #914 #963 #968 #970 #972 #974 #1041 #1043 #1044 #1045
[mk-app] #1052 => #1048 #1051
[mk-app] #1053 sendInvalidateRule@5
[mk-app] #1054 store #798 #996 #1
[mk-app] #1055 = #973 #1054
[mk-app] #1056 store #738 #996 #2
[mk-app] #1057 = #913 #1056
[mk-app] #1058 select #798 #996
[mk-app] #1059 not #1058
[mk-app] #1060 not #1034
[mk-app] #1061 not #1016
[mk-app] #1062 select #738 #996
[mk-app] #1063 and #743 #751
[mk-app] #1064 or #755 #1063
[mk-app] #1065 and #1055 #1057 #990 #991 #1001 #992 #919 #908 #910 #963 #966 #968 #970 #972 #1059 #1060 #1061 #1062 #1064
[mk-app] #1066 => #1053 #1065
[mk-app] #1067 sharerInvalidatesCacheRule@5
[mk-app] #1068 store #798 #996 #2
[mk-app] #1069 = #973 #1068
[mk-app] #1070 store #794 #996 #1
[mk-app] #1071 = #969 #1070
[mk-app] #1072 store #796 #996 #2
[mk-app] #1073 = #971 #1072
[mk-app] #1074 store #792 #996 #2
[mk-app] #1075 = #967 #1074
[mk-app] #1076 not #1026
[mk-app] #1077 and #1069 #1071 #1073 #1075 #990 #991 #1001 #992 #919 #908 #910 #914 #963 #966 #1058 #1076
[mk-app] #1078 => #1067 #1077
[mk-app] #1079 or #933 #986 #995 #1005 #1011 #1019 #1029 #1037 #1048 #1053 #1067
[mk-app] #1080 and #985 #994 #1004 #1010 #1018 #1028 #1036 #1047 #1052 #1066 #1078 #1079
[mk-proof] #1081 asserted #1080
[mk-app] #1082 = #984 #984
[mk-proof] #1083 rewrite #1082
[mk-app] #1084 = #985 #985
[mk-proof] #1085 monotonicity #1083 #1084
[mk-app] #1086 not #933
[mk-app] #1087 or #1086 #984
[inst-discovered] theory-solving 0x0 basic# ; #985
[mk-app] #1088 = #985 #1087
[instance] 0x0 #1088
[attach-enode] #1088 0
[end-of-instance]
[mk-app] #1088 = #985 #1087
[mk-proof] #1089 rewrite #1088
[mk-proof] #1090 trans #1085 #1089 #1088
[mk-app] #1091 not #986
[mk-app] #1092 or #1091 #993
[inst-discovered] theory-solving 0x0 basic# ; #994
[mk-app] #1093 = #994 #1092
[instance] 0x0 #1093
[attach-enode] #1093 0
[end-of-instance]
[mk-app] #1093 = #994 #1092
[mk-proof] #1094 rewrite #1093
[mk-app] #1095 not #995
[mk-app] #1096 or #1095 #1003
[inst-discovered] theory-solving 0x0 basic# ; #1004
[mk-app] #1097 = #1004 #1096
[instance] 0x0 #1097
[attach-enode] #1097 0
[end-of-instance]
[mk-app] #1097 = #1004 #1096
[mk-proof] #1098 rewrite #1097
[mk-app] #1099 not #1005
[mk-app] #1100 or #1099 #1009
[inst-discovered] theory-solving 0x0 basic# ; #1010
[mk-app] #1101 = #1010 #1100
[instance] 0x0 #1101
[attach-enode] #1101 0
[end-of-instance]
[mk-app] #1101 = #1010 #1100
[mk-proof] #1102 rewrite #1101
[mk-app] #1103 not #1011
[mk-app] #1104 or #1103 #1017
[inst-discovered] theory-solving 0x0 basic# ; #1018
[mk-app] #1105 = #1018 #1104
[instance] 0x0 #1105
[attach-enode] #1105 0
[end-of-instance]
[mk-app] #1105 = #1018 #1104
[mk-proof] #1106 rewrite #1105
[inst-discovered] theory-solving 0x0 basic# ; #1025
[mk-app] #1107 = #1025 #1025
[instance] 0x0 #1107
[attach-enode] #1107 0
[end-of-instance]
[mk-app] #1107 = #1025 #1025
[mk-proof] #1108 rewrite #1107
[mk-app] #1109 = #1027 #1027
[mk-proof] #1110 monotonicity #1108 #1109
[mk-proof] #1111 rewrite #1109
[mk-app] #1107 = #1028 #1028
[mk-proof] #1108 monotonicity #1111 #1107
[mk-app] #1110 not #1019
[mk-app] #1112 or #1110 #1027
[inst-discovered] theory-solving 0x0 basic# ; #1028
[mk-app] #1113 = #1028 #1112
[instance] 0x0 #1113
[attach-enode] #1113 0
[end-of-instance]
[mk-app] #1113 = #1028 #1112
[mk-proof] #1114 rewrite #1113
[mk-proof] #1115 trans #1108 #1114 #1113
[mk-app] #1116 not #1029
[mk-app] #1117 or #1116 #1035
[inst-discovered] theory-solving 0x0 basic# ; #1036
[mk-app] #1118 = #1036 #1117
[instance] 0x0 #1118
[attach-enode] #1118 0
[end-of-instance]
[mk-app] #1118 = #1036 #1117
[mk-proof] #1119 rewrite #1118
[mk-app] #1120 not #1037
[mk-app] #1121 or #1120 #1046
[inst-discovered] theory-solving 0x0 basic# ; #1047
[mk-app] #1122 = #1047 #1121
[instance] 0x0 #1122
[attach-enode] #1122 0
[end-of-instance]
[mk-app] #1122 = #1047 #1121
[mk-proof] #1123 rewrite #1122
[mk-app] #1124 not #1048
[mk-app] #1125 or #1124 #1051
[inst-discovered] theory-solving 0x0 basic# ; #1052
[mk-app] #1126 = #1052 #1125
[instance] 0x0 #1126
[attach-enode] #1126 0
[end-of-instance]
[mk-app] #1126 = #1052 #1125
[mk-proof] #1127 rewrite #1126
[mk-app] #1128 not #1053
[mk-app] #1129 or #1128 #1065
[inst-discovered] theory-solving 0x0 basic# ; #1066
[mk-app] #1130 = #1066 #1129
[instance] 0x0 #1130
[attach-enode] #1130 0
[end-of-instance]
[mk-app] #1130 = #1066 #1129
[mk-proof] #1131 rewrite #1130
[mk-app] #1132 not #1067
[mk-app] #1133 or #1132 #1077
[inst-discovered] theory-solving 0x0 basic# ; #1078
[mk-app] #1134 = #1078 #1133
[instance] 0x0 #1134
[attach-enode] #1134 0
[end-of-instance]
[mk-app] #1134 = #1078 #1133
[mk-proof] #1135 rewrite #1134
[mk-app] #1136 and #1087 #1092 #1096 #1100 #1104 #1112 #1117 #1121 #1125 #1129 #1133 #1079
[mk-app] #1137 = #1080 #1136
[mk-proof] #1138 monotonicity #1090 #1094 #1098 #1102 #1106 #1115 #1119 #1123 #1127 #1131 #1135 #1137
[mk-proof] #1139 rewrite #1137
[mk-proof] #1134 mp #1081 #1139 #1136
[mk-proof] #1135 and-elim #1134 #1087
[mk-proof] #1130 and-elim #1134 #1092
[mk-proof] #1131 and-elim #1134 #1096
[mk-proof] #1126 and-elim #1134 #1100
[mk-proof] #1127 and-elim #1134 #1104
[mk-proof] #1122 and-elim #1134 #1112
[mk-proof] #1123 and-elim #1134 #1117
[mk-proof] #1118 and-elim #1134 #1121
[mk-proof] #1119 and-elim #1134 #1125
[mk-proof] #1109 and-elim #1134 #1129
[mk-proof] #1111 and-elim #1134 #1133
[mk-proof] #1107 and-elim #1134 #1079
[mk-app] #1108 grantExclusiveRule@6
[mk-app] #1113 homeSharerList@7
[mk-app] #1114 store #938 #909 #1
[mk-app] #1115 = #1113 #1114
[mk-app] #1105 homeCurrentReqExclusive@7
[mk-app] #1106 not #1105
[mk-app] #1101 homeExclusiveGranted@7
[mk-app] #1102 grantExclusive@7
[mk-app] #1097 store #927 #909 #1
[mk-app] #1098 = #1102 #1097
[mk-app] #1093 homeCurrentReqShared@7
[mk-app] #1094 = #918 #1093
[mk-app] #1082 grantShared@7
[mk-app] #1083 = #907 #1082
[mk-app] #1084 homeCurrentclient@7
[mk-app] #1085 = #909 #1084
[mk-app] #1088 homeInvalidateList@7
[mk-app] #1089 = #913 #1088
[mk-app] #1090 reqExclusive@7
[mk-app] #1138 = #915 #1090
[mk-app] #1140 reqShared@7
[mk-app] #1141 = #965 #1140
[mk-app] #1142 cacheExclusive@7
[mk-app] #1143 = #967 #1142
[mk-app] #1144 invalidateAck@7
[mk-app] #1145 = #969 #1144
[mk-app] #1146 cacheShared@7
[mk-app] #1147 = #971 #1146
[mk-app] #1148 invalidate@7
[mk-app] #1149 = #973 #1148
[mk-app] #1150 select #973 #909
[mk-app] #1151 not #1150
[mk-app] #1152 select #907 #909
[mk-app] #1153 not #1152
[mk-app] #1154 select #927 #909
[mk-app] #1155 not #1154
[mk-app] #1156 select #938 #103
[mk-app] #1157 not #1156
[mk-quant] #1158 k!328 1 #1157
[attach-var-names] #1158 (|I:client| ; |client|)
[mk-app] #1159 and #1115 #1106 #1101 #1098 #1094 #1083 #1085 #1089 #1138 #1141 #1143 #1145 #1147 #1149 #930 #1151 #1153 #1155 #1158
[mk-app] #1160 => #1108 #1159
[mk-app] #1161 grantSharedRule@6
[mk-app] #1162 not #1093
[mk-app] #1163 store #907 #909 #1
[mk-app] #1164 = #1082 #1163
[mk-app] #1165 = #927 #1102
[mk-app] #1166 = #926 #1101
[mk-app] #1167 = #930 #1105
[mk-app] #1168 and #1115 #1162 #1164 #1165 #1166 #1167 #1085 #1089 #1138 #1141 #1143 #1145 #1147 #1149 #918 #1022 #1151 #1153 #1155
[mk-app] #1169 => #1161 #1168
[mk-app] #1170 pickNewExclusiveRequestRule@6
[mk-app] #1171 fml:cl@6
[mk-app] #1172 store #915 #1171 #2
[mk-app] #1173 = #1090 #1172
[mk-app] #1174 = #1084 #1171
[mk-app] #1175 = #1088 #938
[mk-app] #1176 = #938 #1113
[mk-app] #1177 select #915 #1171
[mk-app] #1178 and #1105 #1173 #1174 #1175 #1165 #1166 #1176 #1094 #1083 #1141 #1143 #1145 #1147 #1149 #987 #931 #1177
[mk-app] #1179 => #1170 #1178
[mk-app] #1180 pickNewSharedRequestRule@6
[mk-app] #1181 store #965 #1171 #2
[mk-app] #1182 = #1140 #1181
[mk-app] #1183 select #965 #1171
[mk-app] #1184 and #1093 #1182 #1174 #1175 #1165 #1166 #1176 #1167 #1083 #1138 #1143 #1145 #1147 #1149 #987 #931 #1183
[mk-app] #1185 => #1180 #1184
[mk-app] #1186 receiveExclusiveGrantRule@6
[mk-app] #1187 store #967 #1171 #1
[mk-app] #1188 = #1142 #1187
[mk-app] #1189 store #927 #1171 #2
[mk-app] #1190 = #1102 #1189
[mk-app] #1191 select #927 #1171
[mk-app] #1192 and #1188 #1190 #1166 #1176 #1167 #1094 #1083 #1085 #1089 #1138 #1141 #1145 #1147 #1149 #1191
[mk-app] #1193 => #1186 #1192
[mk-app] #1194 receiveInvalidateAckRule@6
[mk-app] #1195 store #938 #1171 #2
[mk-app] #1196 = #1113 #1195
[mk-app] #1197 not #1101
[mk-app] #1198 store #969 #1171 #2
[mk-app] #1199 = #1144 #1198
[mk-app] #1200 or #918 #930
[mk-app] #1201 select #969 #1171
[mk-app] #1202 and #1196 #1197 #1199 #1165 #1167 #1094 #1083 #1085 #1089 #1138 #1141 #1143 #1147 #1149 #1200 #1201
[mk-app] #1203 => #1194 #1202
[mk-app] #1204 receiveSharedGrantRule@6
[mk-app] #1205 store #971 #1171 #1
[mk-app] #1206 = #1146 #1205
[mk-app] #1207 store #907 #1171 #2
[mk-app] #1208 = #1082 #1207
[mk-app] #1209 select #907 #1171
[mk-app] #1210 and #1206 #1208 #1165 #1166 #1176 #1167 #1094 #1085 #1089 #1138 #1141 #1143 #1145 #1149 #1209
[mk-app] #1211 => #1204 #1210
[mk-app] #1212 reqExclusiveRule@6
[mk-app] #1213 store #915 #1171 #1
[mk-app] #1214 = #1090 #1213
[mk-app] #1215 select #971 #1171
[mk-app] #1216 not #1215
[mk-app] #1217 select #967 #1171
[mk-app] #1218 not #1217
[mk-app] #1219 not #1183
[mk-app] #1220 not #1177
[mk-app] #1221 and #1214 #1165 #1166 #1176 #1167 #1094 #1083 #1085 #1089 #1141 #1143 #1145 #1147 #1149 #1216 #1218 #1219 #1220
[mk-app] #1222 => #1212 #1221
[mk-app] #1223 reqSharedRule@6
[mk-app] #1224 store #965 #1171 #1
[mk-app] #1225 = #1140 #1224
[mk-app] #1226 and #1225 #1165 #1166 #1176 #1167 #1094 #1083 #1085 #1089 #1138 #1143 #1145 #1147 #1149 #1216 #1218 #1219 #1220
[mk-app] #1227 => #1223 #1226
[mk-app] #1228 sendInvalidateRule@6
[mk-app] #1229 store #973 #1171 #1
[mk-app] #1230 = #1148 #1229
[mk-app] #1231 store #913 #1171 #2
[mk-app] #1232 = #1088 #1231
[mk-app] #1233 select #973 #1171
[mk-app] #1234 not #1233
[mk-app] #1235 not #1209
[mk-app] #1236 not #1191
[mk-app] #1237 select #913 #1171
[mk-app] #1238 and #918 #926
[mk-app] #1239 or #930 #1238
[mk-app] #1240 and #1230 #1232 #1165 #1166 #1176 #1167 #1094 #1083 #1085 #1138 #1141 #1143 #1145 #1147 #1234 #1235 #1236 #1237 #1239
[mk-app] #1241 => #1228 #1240
[mk-app] #1242 sharerInvalidatesCacheRule@6
[mk-app] #1243 store #973 #1171 #2
[mk-app] #1244 = #1148 #1243
[mk-app] #1245 store #969 #1171 #1
[mk-app] #1246 = #1144 #1245
[mk-app] #1247 store #971 #1171 #2
[mk-app] #1248 = #1146 #1247
[mk-app] #1249 store #967 #1171 #2
[mk-app] #1250 = #1142 #1249
[mk-app] #1251 not #1201
[mk-app] #1252 and #1244 #1246 #1248 #1250 #1165 #1166 #1176 #1167 #1094 #1083 #1085 #1089 #1138 #1141 #1233 #1251
[mk-app] #1253 => #1242 #1252
[mk-app] #1254 or #1108 #1161 #1170 #1180 #1186 #1194 #1204 #1212 #1223 #1228 #1242
[mk-app] #1255 and #1160 #1169 #1179 #1185 #1193 #1203 #1211 #1222 #1227 #1241 #1253 #1254
[mk-proof] #1256 asserted #1255
[mk-app] #1257 = #1159 #1159
[mk-proof] #1258 rewrite #1257
[mk-app] #1259 = #1160 #1160
[mk-proof] #1260 monotonicity #1258 #1259
[mk-app] #1261 not #1108
[mk-app] #1262 or #1261 #1159
[inst-discovered] theory-solving 0x0 basic# ; #1160
[mk-app] #1263 = #1160 #1262
[instance] 0x0 #1263
[attach-enode] #1263 0
[end-of-instance]
[mk-app] #1263 = #1160 #1262
[mk-proof] #1264 rewrite #1263
[mk-proof] #1265 trans #1260 #1264 #1263
[mk-app] #1266 not #1161
[mk-app] #1267 or #1266 #1168
[inst-discovered] theory-solving 0x0 basic# ; #1169
[mk-app] #1268 = #1169 #1267
[instance] 0x0 #1268
[attach-enode] #1268 0
[end-of-instance]
[mk-app] #1268 = #1169 #1267
[mk-proof] #1269 rewrite #1268
[mk-app] #1270 not #1170
[mk-app] #1271 or #1270 #1178
[inst-discovered] theory-solving 0x0 basic# ; #1179
[mk-app] #1272 = #1179 #1271
[instance] 0x0 #1272
[attach-enode] #1272 0
[end-of-instance]
[mk-app] #1272 = #1179 #1271
[mk-proof] #1273 rewrite #1272
[mk-app] #1274 not #1180
[mk-app] #1275 or #1274 #1184
[inst-discovered] theory-solving 0x0 basic# ; #1185
[mk-app] #1276 = #1185 #1275
[instance] 0x0 #1276
[attach-enode] #1276 0
[end-of-instance]
[mk-app] #1276 = #1185 #1275
[mk-proof] #1277 rewrite #1276
[mk-app] #1278 not #1186
[mk-app] #1279 or #1278 #1192
[inst-discovered] theory-solving 0x0 basic# ; #1193
[mk-app] #1280 = #1193 #1279
[instance] 0x0 #1280
[attach-enode] #1280 0
[end-of-instance]
[mk-app] #1280 = #1193 #1279
[mk-proof] #1281 rewrite #1280
[inst-discovered] theory-solving 0x0 basic# ; #1200
[mk-app] #1282 = #1200 #1200
[instance] 0x0 #1282
[attach-enode] #1282 0
[end-of-instance]
[mk-app] #1282 = #1200 #1200
[mk-proof] #1283 rewrite #1282
[mk-app] #1284 = #1202 #1202
[mk-proof] #1285 monotonicity #1283 #1284
[mk-proof] #1286 rewrite #1284
[mk-app] #1282 = #1203 #1203
[mk-proof] #1283 monotonicity #1286 #1282
[mk-app] #1285 not #1194
[mk-app] #1287 or #1285 #1202
[inst-discovered] theory-solving 0x0 basic# ; #1203
[mk-app] #1288 = #1203 #1287
[instance] 0x0 #1288
[attach-enode] #1288 0
[end-of-instance]
[mk-app] #1288 = #1203 #1287
[mk-proof] #1289 rewrite #1288
[mk-proof] #1290 trans #1283 #1289 #1288
[mk-app] #1291 not #1204
[mk-app] #1292 or #1291 #1210
[inst-discovered] theory-solving 0x0 basic# ; #1211
[mk-app] #1293 = #1211 #1292
[instance] 0x0 #1293
[attach-enode] #1293 0
[end-of-instance]
[mk-app] #1293 = #1211 #1292
[mk-proof] #1294 rewrite #1293
[mk-app] #1295 not #1212
[mk-app] #1296 or #1295 #1221
[inst-discovered] theory-solving 0x0 basic# ; #1222
[mk-app] #1297 = #1222 #1296
[instance] 0x0 #1297
[attach-enode] #1297 0
[end-of-instance]
[mk-app] #1297 = #1222 #1296
[mk-proof] #1298 rewrite #1297
[mk-app] #1299 not #1223
[mk-app] #1300 or #1299 #1226
[inst-discovered] theory-solving 0x0 basic# ; #1227
[mk-app] #1301 = #1227 #1300
[instance] 0x0 #1301
[attach-enode] #1301 0
[end-of-instance]
[mk-app] #1301 = #1227 #1300
[mk-proof] #1302 rewrite #1301
[mk-app] #1303 not #1228
[mk-app] #1304 or #1303 #1240
[inst-discovered] theory-solving 0x0 basic# ; #1241
[mk-app] #1305 = #1241 #1304
[instance] 0x0 #1305
[attach-enode] #1305 0
[end-of-instance]
[mk-app] #1305 = #1241 #1304
[mk-proof] #1306 rewrite #1305
[mk-app] #1307 not #1242
[mk-app] #1308 or #1307 #1252
[inst-discovered] theory-solving 0x0 basic# ; #1253
[mk-app] #1309 = #1253 #1308
[instance] 0x0 #1309
[attach-enode] #1309 0
[end-of-instance]
[mk-app] #1309 = #1253 #1308
[mk-proof] #1310 rewrite #1309
[mk-app] #1311 and #1262 #1267 #1271 #1275 #1279 #1287 #1292 #1296 #1300 #1304 #1308 #1254
[mk-app] #1312 = #1255 #1311
[mk-proof] #1313 monotonicity #1265 #1269 #1273 #1277 #1281 #1290 #1294 #1298 #1302 #1306 #1310 #1312
[mk-proof] #1314 rewrite #1312
[mk-proof] #1309 mp #1256 #1314 #1311
[mk-proof] #1310 and-elim #1309 #1262
[mk-proof] #1305 and-elim #1309 #1267
[mk-proof] #1306 and-elim #1309 #1271
[mk-proof] #1301 and-elim #1309 #1275
[mk-proof] #1302 and-elim #1309 #1279
[mk-proof] #1297 and-elim #1309 #1287
[mk-proof] #1298 and-elim #1309 #1292
[mk-proof] #1293 and-elim #1309 #1296
[mk-proof] #1294 and-elim #1309 #1300
[mk-proof] #1284 and-elim #1309 #1304
[mk-proof] #1286 and-elim #1309 #1308
[mk-proof] #1282 and-elim #1309 #1254
[mk-app] #1283 grantExclusiveRule@7
[mk-app] #1288 homeSharerList@8
[mk-app] #1289 store #1113 #1084 #1
[mk-app] #1290 = #1288 #1289
[mk-app] #1280 homeCurrentReqExclusive@8
[mk-app] #1281 not #1280
[mk-app] #1276 homeExclusiveGranted@8
[mk-app] #1277 grantExclusive@8
[mk-app] #1272 store #1102 #1084 #1
[mk-app] #1273 = #1277 #1272
[mk-app] #1268 homeCurrentReqShared@8
[mk-app] #1269 = #1093 #1268
[mk-app] #1257 grantShared@8
[mk-app] #1258 = #1082 #1257
[mk-app] #1259 homeCurrentclient@8
[mk-app] #1260 = #1084 #1259
[mk-app] #1263 homeInvalidateList@8
[mk-app] #1264 = #1088 #1263
[mk-app] #1265 reqExclusive@8
[mk-app] #1313 = #1090 #1265
[mk-app] #1315 reqShared@8
[mk-app] #1316 = #1140 #1315
[mk-app] #1317 cacheExclusive@8
[mk-app] #1318 = #1142 #1317
[mk-app] #1319 invalidateAck@8
[mk-app] #1320 = #1144 #1319
[mk-app] #1321 cacheShared@8
[mk-app] #1322 = #1146 #1321
[mk-app] #1323 invalidate@8
[mk-app] #1324 = #1148 #1323
[mk-app] #1325 select #1148 #1084
[mk-app] #1326 not #1325
[mk-app] #1327 select #1082 #1084
[mk-app] #1328 not #1327
[mk-app] #1329 select #1102 #1084
[mk-app] #1330 not #1329
[mk-app] #1331 select #1113 #103
[mk-app] #1332 not #1331
[mk-quant] #1333 k!329 1 #1332
[attach-var-names] #1333 (|I:client| ; |client|)
[mk-app] #1334 and #1290 #1281 #1276 #1273 #1269 #1258 #1260 #1264 #1313 #1316 #1318 #1320 #1322 #1324 #1105 #1326 #1328 #1330 #1333
[mk-app] #1335 => #1283 #1334
[mk-app] #1336 grantSharedRule@7
[mk-app] #1337 not #1268
[mk-app] #1338 store #1082 #1084 #1
[mk-app] #1339 = #1257 #1338
[mk-app] #1340 = #1102 #1277
[mk-app] #1341 = #1101 #1276
[mk-app] #1342 = #1105 #1280
[mk-app] #1343 and #1290 #1337 #1339 #1340 #1341 #1342 #1260 #1264 #1313 #1316 #1318 #1320 #1322 #1324 #1093 #1197 #1326 #1328 #1330
[mk-app] #1344 => #1336 #1343
[mk-app] #1345 pickNewExclusiveRequestRule@7
[mk-app] #1346 fml:cl@7
[mk-app] #1347 store #1090 #1346 #2
[mk-app] #1348 = #1265 #1347
[mk-app] #1349 = #1259 #1346
[mk-app] #1350 = #1263 #1113
[mk-app] #1351 = #1113 #1288
[mk-app] #1352 select #1090 #1346
[mk-app] #1353 and #1280 #1348 #1349 #1350 #1340 #1341 #1351 #1269 #1258 #1316 #1318 #1320 #1322 #1324 #1162 #1106 #1352
[mk-app] #1354 => #1345 #1353
[mk-app] #1355 pickNewSharedRequestRule@7
[mk-app] #1356 store #1140 #1346 #2
[mk-app] #1357 = #1315 #1356
[mk-app] #1358 select #1140 #1346
[mk-app] #1359 and #1268 #1357 #1349 #1350 #1340 #1341 #1351 #1342 #1258 #1313 #1318 #1320 #1322 #1324 #1162 #1106 #1358
[mk-app] #1360 => #1355 #1359
[mk-app] #1361 receiveExclusiveGrantRule@7
[mk-app] #1362 store #1142 #1346 #1
[mk-app] #1363 = #1317 #1362
[mk-app] #1364 store #1102 #1346 #2
[mk-app] #1365 = #1277 #1364
[mk-app] #1366 select #1102 #1346
[mk-app] #1367 and #1363 #1365 #1341 #1351 #1342 #1269 #1258 #1260 #1264 #1313 #1316 #1320 #1322 #1324 #1366
[mk-app] #1368 => #1361 #1367
[mk-app] #1369 receiveInvalidateAckRule@7
[mk-app] #1370 store #1113 #1346 #2
[mk-app] #1371 = #1288 #1370
[mk-app] #1372 not #1276
[mk-app] #1373 store #1144 #1346 #2
[mk-app] #1374 = #1319 #1373
[mk-app] #1375 or #1093 #1105
[mk-app] #1376 select #1144 #1346
[mk-app] #1377 and #1371 #1372 #1374 #1340 #1342 #1269 #1258 #1260 #1264 #1313 #1316 #1318 #1322 #1324 #1375 #1376
[mk-app] #1378 => #1369 #1377
[mk-app] #1379 receiveSharedGrantRule@7
[mk-app] #1380 store #1146 #1346 #1
[mk-app] #1381 = #1321 #1380
[mk-app] #1382 store #1082 #1346 #2
[mk-app] #1383 = #1257 #1382
[mk-app] #1384 select #1082 #1346
[mk-app] #1385 and #1381 #1383 #1340 #1341 #1351 #1342 #1269 #1260 #1264 #1313 #1316 #1318 #1320 #1324 #1384
[mk-app] #1386 => #1379 #1385
[mk-app] #1387 reqExclusiveRule@7
[mk-app] #1388 store #1090 #1346 #1
[mk-app] #1389 = #1265 #1388
[mk-app] #1390 select #1146 #1346
[mk-app] #1391 not #1390
[mk-app] #1392 select #1142 #1346
[mk-app] #1393 not #1392
[mk-app] #1394 not #1358
[mk-app] #1395 not #1352
[mk-app] #1396 and #1389 #1340 #1341 #1351 #1342 #1269 #1258 #1260 #1264 #1316 #1318 #1320 #1322 #1324 #1391 #1393 #1394 #1395
[mk-app] #1397 => #1387 #1396
[mk-app] #1398 reqSharedRule@7
[mk-app] #1399 store #1140 #1346 #1
[mk-app] #1400 = #1315 #1399
[mk-app] #1401 and #1400 #1340 #1341 #1351 #1342 #1269 #1258 #1260 #1264 #1313 #1318 #1320 #1322 #1324 #1391 #1393 #1394 #1395
[mk-app] #1402 => #1398 #1401
[mk-app] #1403 sendInvalidateRule@7
[mk-app] #1404 store #1148 #1346 #1
[mk-app] #1405 = #1323 #1404
[mk-app] #1406 store #1088 #1346 #2
[mk-app] #1407 = #1263 #1406
[mk-app] #1408 select #1148 #1346
[mk-app] #1409 not #1408
[mk-app] #1410 not #1384
[mk-app] #1411 not #1366
[mk-app] #1412 select #1088 #1346
[mk-app] #1413 and #1093 #1101
[mk-app] #1414 or #1105 #1413
[mk-app] #1415 and #1405 #1407 #1340 #1341 #1351 #1342 #1269 #1258 #1260 #1313 #1316 #1318 #1320 #1322 #1409 #1410 #1411 #1412 #1414
[mk-app] #1416 => #1403 #1415
[mk-app] #1417 sharerInvalidatesCacheRule@7
[mk-app] #1418 store #1148 #1346 #2
[mk-app] #1419 = #1323 #1418
[mk-app] #1420 store #1144 #1346 #1
[mk-app] #1421 = #1319 #1420
[mk-app] #1422 store #1146 #1346 #2
[mk-app] #1423 = #1321 #1422
[mk-app] #1424 store #1142 #1346 #2
[mk-app] #1425 = #1317 #1424
[mk-app] #1426 not #1376
[mk-app] #1427 and #1419 #1421 #1423 #1425 #1340 #1341 #1351 #1342 #1269 #1258 #1260 #1264 #1313 #1316 #1408 #1426
[mk-app] #1428 => #1417 #1427
[mk-app] #1429 or #1283 #1336 #1345 #1355 #1361 #1369 #1379 #1387 #1398 #1403 #1417
[mk-app] #1430 and #1335 #1344 #1354 #1360 #1368 #1378 #1386 #1397 #1402 #1416 #1428 #1429
[mk-proof] #1431 asserted #1430
[mk-app] #1432 = #1334 #1334
[mk-proof] #1433 rewrite #1432
[mk-app] #1434 = #1335 #1335
[mk-proof] #1435 monotonicity #1433 #1434
[mk-app] #1436 not #1283
[mk-app] #1437 or #1436 #1334
[inst-discovered] theory-solving 0x0 basic# ; #1335
[mk-app] #1438 = #1335 #1437
[instance] 0x0 #1438
[attach-enode] #1438 0
[end-of-instance]
[mk-app] #1438 = #1335 #1437
[mk-proof] #1439 rewrite #1438
[mk-proof] #1440 trans #1435 #1439 #1438
[mk-app] #1441 not #1336
[mk-app] #1442 or #1441 #1343
[inst-discovered] theory-solving 0x0 basic# ; #1344
[mk-app] #1443 = #1344 #1442
[instance] 0x0 #1443
[attach-enode] #1443 0
[end-of-instance]
[mk-app] #1443 = #1344 #1442
[mk-proof] #1444 rewrite #1443
[mk-app] #1445 not #1345
[mk-app] #1446 or #1445 #1353
[inst-discovered] theory-solving 0x0 basic# ; #1354
[mk-app] #1447 = #1354 #1446
[instance] 0x0 #1447
[attach-enode] #1447 0
[end-of-instance]
[mk-app] #1447 = #1354 #1446
[mk-proof] #1448 rewrite #1447
[mk-app] #1449 not #1355
[mk-app] #1450 or #1449 #1359
[inst-discovered] theory-solving 0x0 basic# ; #1360
[mk-app] #1451 = #1360 #1450
[instance] 0x0 #1451
[attach-enode] #1451 0
[end-of-instance]
[mk-app] #1451 = #1360 #1450
[mk-proof] #1452 rewrite #1451
[mk-app] #1453 not #1361
[mk-app] #1454 or #1453 #1367
[inst-discovered] theory-solving 0x0 basic# ; #1368
[mk-app] #1455 = #1368 #1454
[instance] 0x0 #1455
[attach-enode] #1455 0
[end-of-instance]
[mk-app] #1455 = #1368 #1454
[mk-proof] #1456 rewrite #1455
[inst-discovered] theory-solving 0x0 basic# ; #1375
[mk-app] #1457 = #1375 #1375
[instance] 0x0 #1457
[attach-enode] #1457 0
[end-of-instance]
[mk-app] #1457 = #1375 #1375
[mk-proof] #1458 rewrite #1457
[mk-app] #1459 = #1377 #1377
[mk-proof] #1460 monotonicity #1458 #1459
[mk-proof] #1461 rewrite #1459
[mk-app] #1457 = #1378 #1378
[mk-proof] #1458 monotonicity #1461 #1457
[mk-app] #1460 not #1369
[mk-app] #1462 or #1460 #1377
[inst-discovered] theory-solving 0x0 basic# ; #1378
[mk-app] #1463 = #1378 #1462
[instance] 0x0 #1463
[attach-enode] #1463 0
[end-of-instance]
[mk-app] #1463 = #1378 #1462
[mk-proof] #1464 rewrite #1463
[mk-proof] #1465 trans #1458 #1464 #1463
[mk-app] #1466 not #1379
[mk-app] #1467 or #1466 #1385
[inst-discovered] theory-solving 0x0 basic# ; #1386
[mk-app] #1468 = #1386 #1467
[instance] 0x0 #1468
[attach-enode] #1468 0
[end-of-instance]
[mk-app] #1468 = #1386 #1467
[mk-proof] #1469 rewrite #1468
[mk-app] #1470 not #1387
[mk-app] #1471 or #1470 #1396
[inst-discovered] theory-solving 0x0 basic# ; #1397
[mk-app] #1472 = #1397 #1471
[instance] 0x0 #1472
[attach-enode] #1472 0
[end-of-instance]
[mk-app] #1472 = #1397 #1471
[mk-proof] #1473 rewrite #1472
[mk-app] #1474 not #1398
[mk-app] #1475 or #1474 #1401
[inst-discovered] theory-solving 0x0 basic# ; #1402
[mk-app] #1476 = #1402 #1475
[instance] 0x0 #1476
[attach-enode] #1476 0
[end-of-instance]
[mk-app] #1476 = #1402 #1475
[mk-proof] #1477 rewrite #1476
[mk-app] #1478 not #1403
[mk-app] #1479 or #1478 #1415
[inst-discovered] theory-solving 0x0 basic# ; #1416
[mk-app] #1480 = #1416 #1479
[instance] 0x0 #1480
[attach-enode] #1480 0
[end-of-instance]
[mk-app] #1480 = #1416 #1479
[mk-proof] #1481 rewrite #1480
[mk-app] #1482 not #1417
[mk-app] #1483 or #1482 #1427
[inst-discovered] theory-solving 0x0 basic# ; #1428
[mk-app] #1484 = #1428 #1483
[instance] 0x0 #1484
[attach-enode] #1484 0
[end-of-instance]
[mk-app] #1484 = #1428 #1483
[mk-proof] #1485 rewrite #1484
[mk-app] #1486 and #1437 #1442 #1446 #1450 #1454 #1462 #1467 #1471 #1475 #1479 #1483 #1429
[mk-app] #1487 = #1430 #1486
[mk-proof] #1488 monotonicity #1440 #1444 #1448 #1452 #1456 #1465 #1469 #1473 #1477 #1481 #1485 #1487
[mk-proof] #1489 rewrite #1487
[mk-proof] #1484 mp #1431 #1489 #1486
[mk-proof] #1485 and-elim #1484 #1437
[mk-proof] #1480 and-elim #1484 #1442
[mk-proof] #1481 and-elim #1484 #1446
[mk-proof] #1476 and-elim #1484 #1450
[mk-proof] #1477 and-elim #1484 #1454
[mk-proof] #1472 and-elim #1484 #1462
[mk-proof] #1473 and-elim #1484 #1467
[mk-proof] #1468 and-elim #1484 #1471
[mk-proof] #1469 and-elim #1484 #1475
[mk-proof] #1459 and-elim #1484 #1479
[mk-proof] #1461 and-elim #1484 #1483
[mk-proof] #1457 and-elim #1484 #1429
[mk-app] #1458 grantExclusiveRule@8
[mk-app] #1463 homeSharerList@9
[mk-app] #1464 store #1288 #1259 #1
[mk-app] #1465 = #1463 #1464
[mk-app] #1455 homeCurrentReqExclusive@9
[mk-app] #1456 not #1455
[mk-app] #1451 homeExclusiveGranted@9
[mk-app] #1452 grantExclusive@9
[mk-app] #1447 store #1277 #1259 #1
[mk-app] #1448 = #1452 #1447
[mk-app] #1443 homeCurrentReqShared@9
[mk-app] #1444 = #1268 #1443
[mk-app] #1432 grantShared@9
[mk-app] #1433 = #1257 #1432
[mk-app] #1434 homeCurrentclient@9
[mk-app] #1435 = #1259 #1434
[mk-app] #1438 homeInvalidateList@9
[mk-app] #1439 = #1263 #1438
[mk-app] #1440 reqExclusive@9
[mk-app] #1488 = #1265 #1440
[mk-app] #1490 reqShared@9
[mk-app] #1491 = #1315 #1490
[mk-app] #1492 cacheExclusive@9
[mk-app] #1493 = #1317 #1492
[mk-app] #1494 invalidateAck@9
[mk-app] #1495 = #1319 #1494
[mk-app] #1496 cacheShared@9
[mk-app] #1497 = #1321 #1496
[mk-app] #1498 invalidate@9
[mk-app] #1499 = #1323 #1498
[mk-app] #1500 select #1323 #1259
[mk-app] #1501 not #1500
[mk-app] #1502 select #1257 #1259
[mk-app] #1503 not #1502
[mk-app] #1504 select #1277 #1259
[mk-app] #1505 not #1504
[mk-app] #1506 select #1288 #103
[mk-app] #1507 not #1506
[mk-quant] #1508 k!330 1 #1507
[attach-var-names] #1508 (|I:client| ; |client|)
[mk-app] #1509 and #1465 #1456 #1451 #1448 #1444 #1433 #1435 #1439 #1488 #1491 #1493 #1495 #1497 #1499 #1280 #1501 #1503 #1505 #1508
[mk-app] #1510 => #1458 #1509
[mk-app] #1511 grantSharedRule@8
[mk-app] #1512 not #1443
[mk-app] #1513 store #1257 #1259 #1
[mk-app] #1514 = #1432 #1513
[mk-app] #1515 = #1277 #1452
[mk-app] #1516 = #1276 #1451
[mk-app] #1517 = #1280 #1455
[mk-app] #1518 and #1465 #1512 #1514 #1515 #1516 #1517 #1435 #1439 #1488 #1491 #1493 #1495 #1497 #1499 #1268 #1372 #1501 #1503 #1505
[mk-app] #1519 => #1511 #1518
[mk-app] #1520 pickNewExclusiveRequestRule@8
[mk-app] #1521 fml:cl@8
[mk-app] #1522 store #1265 #1521 #2
[mk-app] #1523 = #1440 #1522
[mk-app] #1524 = #1434 #1521
[mk-app] #1525 = #1438 #1288
[mk-app] #1526 = #1288 #1463
[mk-app] #1527 select #1265 #1521
[mk-app] #1528 and #1455 #1523 #1524 #1525 #1515 #1516 #1526 #1444 #1433 #1491 #1493 #1495 #1497 #1499 #1337 #1281 #1527
[mk-app] #1529 => #1520 #1528
[mk-app] #1530 pickNewSharedRequestRule@8
[mk-app] #1531 store #1315 #1521 #2
[mk-app] #1532 = #1490 #1531
[mk-app] #1533 select #1315 #1521
[mk-app] #1534 and #1443 #1532 #1524 #1525 #1515 #1516 #1526 #1517 #1433 #1488 #1493 #1495 #1497 #1499 #1337 #1281 #1533
[mk-app] #1535 => #1530 #1534
[mk-app] #1536 receiveExclusiveGrantRule@8
[mk-app] #1537 store #1317 #1521 #1
[mk-app] #1538 = #1492 #1537
[mk-app] #1539 store #1277 #1521 #2
[mk-app] #1540 = #1452 #1539
[mk-app] #1541 select #1277 #1521
[mk-app] #1542 and #1538 #1540 #1516 #1526 #1517 #1444 #1433 #1435 #1439 #1488 #1491 #1495 #1497 #1499 #1541
[mk-app] #1543 => #1536 #1542
[mk-app] #1544 receiveInvalidateAckRule@8
[mk-app] #1545 store #1288 #1521 #2
[mk-app] #1546 = #1463 #1545
[mk-app] #1547 not #1451
[mk-app] #1548 store #1319 #1521 #2
[mk-app] #1549 = #1494 #1548
[mk-app] #1550 or #1268 #1280
[mk-app] #1551 select #1319 #1521
[mk-app] #1552 and #1546 #1547 #1549 #1515 #1517 #1444 #1433 #1435 #1439 #1488 #1491 #1493 #1497 #1499 #1550 #1551
[mk-app] #1553 => #1544 #1552
[mk-app] #1554 receiveSharedGrantRule@8
[mk-app] #1555 store #1321 #1521 #1
[mk-app] #1556 = #1496 #1555
[mk-app] #1557 store #1257 #1521 #2
[mk-app] #1558 = #1432 #1557
[mk-app] #1559 select #1257 #1521
[mk-app] #1560 and #1556 #1558 #1515 #1516 #1526 #1517 #1444 #1435 #1439 #1488 #1491 #1493 #1495 #1499 #1559
[mk-app] #1561 => #1554 #1560
[mk-app] #1562 reqExclusiveRule@8
[mk-app] #1563 store #1265 #1521 #1
[mk-app] #1564 = #1440 #1563
[mk-app] #1565 select #1321 #1521
[mk-app] #1566 not #1565
[mk-app] #1567 select #1317 #1521
[mk-app] #1568 not #1567
[mk-app] #1569 not #1533
[mk-app] #1570 not #1527
[mk-app] #1571 and #1564 #1515 #1516 #1526 #1517 #1444 #1433 #1435 #1439 #1491 #1493 #1495 #1497 #1499 #1566 #1568 #1569 #1570
[mk-app] #1572 => #1562 #1571
[mk-app] #1573 reqSharedRule@8
[mk-app] #1574 store #1315 #1521 #1
[mk-app] #1575 = #1490 #1574
[mk-app] #1576 and #1575 #1515 #1516 #1526 #1517 #1444 #1433 #1435 #1439 #1488 #1493 #1495 #1497 #1499 #1566 #1568 #1569 #1570
[mk-app] #1577 => #1573 #1576
[mk-app] #1578 sendInvalidateRule@8
[mk-app] #1579 store #1323 #1521 #1
[mk-app] #1580 = #1498 #1579
[mk-app] #1581 store #1263 #1521 #2
[mk-app] #1582 = #1438 #1581
[mk-app] #1583 select #1323 #1521
[mk-app] #1584 not #1583
[mk-app] #1585 not #1559
[mk-app] #1586 not #1541
[mk-app] #1587 select #1263 #1521
[mk-app] #1588 and #1268 #1276
[mk-app] #1589 or #1280 #1588
[mk-app] #1590 and #1580 #1582 #1515 #1516 #1526 #1517 #1444 #1433 #1435 #1488 #1491 #1493 #1495 #1497 #1584 #1585 #1586 #1587 #1589
[mk-app] #1591 => #1578 #1590
[mk-app] #1592 sharerInvalidatesCacheRule@8
[mk-app] #1593 store #1323 #1521 #2
[mk-app] #1594 = #1498 #1593
[mk-app] #1595 store #1319 #1521 #1
[mk-app] #1596 = #1494 #1595
[mk-app] #1597 store #1321 #1521 #2
[mk-app] #1598 = #1496 #1597
[mk-app] #1599 store #1317 #1521 #2
[mk-app] #1600 = #1492 #1599
[mk-app] #1601 not #1551
[mk-app] #1602 and #1594 #1596 #1598 #1600 #1515 #1516 #1526 #1517 #1444 #1433 #1435 #1439 #1488 #1491 #1583 #1601
[mk-app] #1603 => #1592 #1602
[mk-app] #1604 or #1458 #1511 #1520 #1530 #1536 #1544 #1554 #1562 #1573 #1578 #1592
[mk-app] #1605 and #1510 #1519 #1529 #1535 #1543 #1553 #1561 #1572 #1577 #1591 #1603 #1604
[mk-proof] #1606 asserted #1605
[mk-app] #1607 = #1509 #1509
[mk-proof] #1608 rewrite #1607
[mk-app] #1609 = #1510 #1510
[mk-proof] #1610 monotonicity #1608 #1609
[mk-app] #1611 not #1458
[mk-app] #1612 or #1611 #1509
[inst-discovered] theory-solving 0x0 basic# ; #1510
[mk-app] #1613 = #1510 #1612
[instance] 0x0 #1613
[attach-enode] #1613 0
[end-of-instance]
[mk-app] #1613 = #1510 #1612
[mk-proof] #1614 rewrite #1613
[mk-proof] #1615 trans #1610 #1614 #1613
[mk-app] #1616 not #1511
[mk-app] #1617 or #1616 #1518
[inst-discovered] theory-solving 0x0 basic# ; #1519
[mk-app] #1618 = #1519 #1617
[instance] 0x0 #1618
[attach-enode] #1618 0
[end-of-instance]
[mk-app] #1618 = #1519 #1617
[mk-proof] #1619 rewrite #1618
[mk-app] #1620 not #1520
[mk-app] #1621 or #1620 #1528
[inst-discovered] theory-solving 0x0 basic# ; #1529
[mk-app] #1622 = #1529 #1621
[instance] 0x0 #1622
[attach-enode] #1622 0
[end-of-instance]
[mk-app] #1622 = #1529 #1621
[mk-proof] #1623 rewrite #1622
[mk-app] #1624 not #1530
[mk-app] #1625 or #1624 #1534
[inst-discovered] theory-solving 0x0 basic# ; #1535
[mk-app] #1626 = #1535 #1625
[instance] 0x0 #1626
[attach-enode] #1626 0
[end-of-instance]
[mk-app] #1626 = #1535 #1625
[mk-proof] #1627 rewrite #1626
[mk-app] #1628 not #1536
[mk-app] #1629 or #1628 #1542
[inst-discovered] theory-solving 0x0 basic# ; #1543
[mk-app] #1630 = #1543 #1629
[instance] 0x0 #1630
[attach-enode] #1630 0
[end-of-instance]
[mk-app] #1630 = #1543 #1629
[mk-proof] #1631 rewrite #1630
[inst-discovered] theory-solving 0x0 basic# ; #1550
[mk-app] #1632 = #1550 #1550
[instance] 0x0 #1632
[attach-enode] #1632 0
[end-of-instance]
[mk-app] #1632 = #1550 #1550
[mk-proof] #1633 rewrite #1632
[mk-app] #1634 = #1552 #1552
[mk-proof] #1635 monotonicity #1633 #1634
[mk-proof] #1636 rewrite #1634
[mk-app] #1632 = #1553 #1553
[mk-proof] #1633 monotonicity #1636 #1632
[mk-app] #1635 not #1544
[mk-app] #1637 or #1635 #1552
[inst-discovered] theory-solving 0x0 basic# ; #1553
[mk-app] #1638 = #1553 #1637
[instance] 0x0 #1638
[attach-enode] #1638 0
[end-of-instance]
[mk-app] #1638 = #1553 #1637
[mk-proof] #1639 rewrite #1638
[mk-proof] #1640 trans #1633 #1639 #1638
[mk-app] #1641 not #1554
[mk-app] #1642 or #1641 #1560
[inst-discovered] theory-solving 0x0 basic# ; #1561
[mk-app] #1643 = #1561 #1642
[instance] 0x0 #1643
[attach-enode] #1643 0
[end-of-instance]
[mk-app] #1643 = #1561 #1642
[mk-proof] #1644 rewrite #1643
[mk-app] #1645 not #1562
[mk-app] #1646 or #1645 #1571
[inst-discovered] theory-solving 0x0 basic# ; #1572
[mk-app] #1647 = #1572 #1646
[instance] 0x0 #1647
[attach-enode] #1647 0
[end-of-instance]
[mk-app] #1647 = #1572 #1646
[mk-proof] #1648 rewrite #1647
[mk-app] #1649 not #1573
[mk-app] #1650 or #1649 #1576
[inst-discovered] theory-solving 0x0 basic# ; #1577
[mk-app] #1651 = #1577 #1650
[instance] 0x0 #1651
[attach-enode] #1651 0
[end-of-instance]
[mk-app] #1651 = #1577 #1650
[mk-proof] #1652 rewrite #1651
[mk-app] #1653 not #1578
[mk-app] #1654 or #1653 #1590
[inst-discovered] theory-solving 0x0 basic# ; #1591
[mk-app] #1655 = #1591 #1654
[instance] 0x0 #1655
[attach-enode] #1655 0
[end-of-instance]
[mk-app] #1655 = #1591 #1654
[mk-proof] #1656 rewrite #1655
[mk-app] #1657 not #1592
[mk-app] #1658 or #1657 #1602
[inst-discovered] theory-solving 0x0 basic# ; #1603
[mk-app] #1659 = #1603 #1658
[instance] 0x0 #1659
[attach-enode] #1659 0
[end-of-instance]
[mk-app] #1659 = #1603 #1658
[mk-proof] #1660 rewrite #1659
[mk-app] #1661 and #1612 #1617 #1621 #1625 #1629 #1637 #1642 #1646 #1650 #1654 #1658 #1604
[mk-app] #1662 = #1605 #1661
[mk-proof] #1663 monotonicity #1615 #1619 #1623 #1627 #1631 #1640 #1644 #1648 #1652 #1656 #1660 #1662
[mk-proof] #1664 rewrite #1662
[mk-proof] #1659 mp #1606 #1664 #1661
[mk-proof] #1660 and-elim #1659 #1612
[mk-proof] #1655 and-elim #1659 #1617
[mk-proof] #1656 and-elim #1659 #1621
[mk-proof] #1651 and-elim #1659 #1625
[mk-proof] #1652 and-elim #1659 #1629
[mk-proof] #1647 and-elim #1659 #1637
[mk-proof] #1648 and-elim #1659 #1642
[mk-proof] #1643 and-elim #1659 #1646
[mk-proof] #1644 and-elim #1659 #1650
[mk-proof] #1634 and-elim #1659 #1654
[mk-proof] #1636 and-elim #1659 #1658
[mk-proof] #1632 and-elim #1659 #1604
[mk-app] #1633 grantExclusiveRule@9
[mk-app] #1638 homeSharerList@10
[mk-app] #1639 store #1463 #1434 #1
[mk-app] #1640 = #1638 #1639
[mk-app] #1630 homeCurrentReqExclusive@10
[mk-app] #1631 not #1630
[mk-app] #1626 homeExclusiveGranted@10
[mk-app] #1627 grantExclusive@10
[mk-app] #1622 store #1452 #1434 #1
[mk-app] #1623 = #1627 #1622
[mk-app] #1618 homeCurrentReqShared@10
[mk-app] #1619 = #1443 #1618
[mk-app] #1607 grantShared@10
[mk-app] #1608 = #1432 #1607
[mk-app] #1609 homeCurrentclient@10
[mk-app] #1610 = #1434 #1609
[mk-app] #1613 homeInvalidateList@10
[mk-app] #1614 = #1438 #1613
[mk-app] #1615 reqExclusive@10
[mk-app] #1663 = #1440 #1615
[mk-app] #1665 reqShared@10
[mk-app] #1666 = #1490 #1665
[mk-app] #1667 cacheExclusive@10
[mk-app] #1668 = #1492 #1667
[mk-app] #1669 invalidateAck@10
[mk-app] #1670 = #1494 #1669
[mk-app] #1671 cacheShared@10
[mk-app] #1672 = #1496 #1671
[mk-app] #1673 invalidate@10
[mk-app] #1674 = #1498 #1673
[mk-app] #1675 select #1498 #1434
[mk-app] #1676 not #1675
[mk-app] #1677 select #1432 #1434
[mk-app] #1678 not #1677
[mk-app] #1679 select #1452 #1434
[mk-app] #1680 not #1679
[mk-app] #1681 select #1463 #103
[mk-app] #1682 not #1681
[mk-quant] #1683 k!331 1 #1682
[attach-var-names] #1683 (|I:client| ; |client|)
[mk-app] #1684 and #1640 #1631 #1626 #1623 #1619 #1608 #1610 #1614 #1663 #1666 #1668 #1670 #1672 #1674 #1455 #1676 #1678 #1680 #1683
[mk-app] #1685 => #1633 #1684
[mk-app] #1686 grantSharedRule@9
[mk-app] #1687 not #1618
[mk-app] #1688 store #1432 #1434 #1
[mk-app] #1689 = #1607 #1688
[mk-app] #1690 = #1452 #1627
[mk-app] #1691 = #1451 #1626
[mk-app] #1692 = #1455 #1630
[mk-app] #1693 and #1640 #1687 #1689 #1690 #1691 #1692 #1610 #1614 #1663 #1666 #1668 #1670 #1672 #1674 #1443 #1547 #1676 #1678 #1680
[mk-app] #1694 => #1686 #1693
[mk-app] #1695 pickNewExclusiveRequestRule@9
[mk-app] #1696 fml:cl@9
[mk-app] #1697 store #1440 #1696 #2
[mk-app] #1698 = #1615 #1697
[mk-app] #1699 = #1609 #1696
[mk-app] #1700 = #1613 #1463
[mk-app] #1701 = #1463 #1638
[mk-app] #1702 select #1440 #1696
[mk-app] #1703 and #1630 #1698 #1699 #1700 #1690 #1691 #1701 #1619 #1608 #1666 #1668 #1670 #1672 #1674 #1512 #1456 #1702
[mk-app] #1704 => #1695 #1703
[mk-app] #1705 pickNewSharedRequestRule@9
[mk-app] #1706 store #1490 #1696 #2
[mk-app] #1707 = #1665 #1706
[mk-app] #1708 select #1490 #1696
[mk-app] #1709 and #1618 #1707 #1699 #1700 #1690 #1691 #1701 #1692 #1608 #1663 #1668 #1670 #1672 #1674 #1512 #1456 #1708
[mk-app] #1710 => #1705 #1709
[mk-app] #1711 receiveExclusiveGrantRule@9
[mk-app] #1712 store #1492 #1696 #1
[mk-app] #1713 = #1667 #1712
[mk-app] #1714 store #1452 #1696 #2
[mk-app] #1715 = #1627 #1714
[mk-app] #1716 select #1452 #1696
[mk-app] #1717 and #1713 #1715 #1691 #1701 #1692 #1619 #1608 #1610 #1614 #1663 #1666 #1670 #1672 #1674 #1716
[mk-app] #1718 => #1711 #1717
[mk-app] #1719 receiveInvalidateAckRule@9
[mk-app] #1720 store #1463 #1696 #2
[mk-app] #1721 = #1638 #1720
[mk-app] #1722 not #1626
[mk-app] #1723 store #1494 #1696 #2
[mk-app] #1724 = #1669 #1723
[mk-app] #1725 or #1443 #1455
[mk-app] #1726 select #1494 #1696
[mk-app] #1727 and #1721 #1722 #1724 #1690 #1692 #1619 #1608 #1610 #1614 #1663 #1666 #1668 #1672 #1674 #1725 #1726
[mk-app] #1728 => #1719 #1727
[mk-app] #1729 receiveSharedGrantRule@9
[mk-app] #1730 store #1496 #1696 #1
[mk-app] #1731 = #1671 #1730
[mk-app] #1732 store #1432 #1696 #2
[mk-app] #1733 = #1607 #1732
[mk-app] #1734 select #1432 #1696
[mk-app] #1735 and #1731 #1733 #1690 #1691 #1701 #1692 #1619 #1610 #1614 #1663 #1666 #1668 #1670 #1674 #1734
[mk-app] #1736 => #1729 #1735
[mk-app] #1737 reqExclusiveRule@9
[mk-app] #1738 store #1440 #1696 #1
[mk-app] #1739 = #1615 #1738
[mk-app] #1740 select #1496 #1696
[mk-app] #1741 not #1740
[mk-app] #1742 select #1492 #1696
[mk-app] #1743 not #1742
[mk-app] #1744 not #1708
[mk-app] #1745 not #1702
[mk-app] #1746 and #1739 #1690 #1691 #1701 #1692 #1619 #1608 #1610 #1614 #1666 #1668 #1670 #1672 #1674 #1741 #1743 #1744 #1745
[mk-app] #1747 => #1737 #1746
[mk-app] #1748 reqSharedRule@9
[mk-app] #1749 store #1490 #1696 #1
[mk-app] #1750 = #1665 #1749
[mk-app] #1751 and #1750 #1690 #1691 #1701 #1692 #1619 #1608 #1610 #1614 #1663 #1668 #1670 #1672 #1674 #1741 #1743 #1744 #1745
[mk-app] #1752 => #1748 #1751
[mk-app] #1753 sendInvalidateRule@9
[mk-app] #1754 store #1498 #1696 #1
[mk-app] #1755 = #1673 #1754
[mk-app] #1756 store #1438 #1696 #2
[mk-app] #1757 = #1613 #1756
[mk-app] #1758 select #1498 #1696
[mk-app] #1759 not #1758
[mk-app] #1760 not #1734
[mk-app] #1761 not #1716
[mk-app] #1762 select #1438 #1696
[mk-app] #1763 and #1443 #1451
[mk-app] #1764 or #1455 #1763
[mk-app] #1765 and #1755 #1757 #1690 #1691 #1701 #1692 #1619 #1608 #1610 #1663 #1666 #1668 #1670 #1672 #1759 #1760 #1761 #1762 #1764
[mk-app] #1766 => #1753 #1765
[mk-app] #1767 sharerInvalidatesCacheRule@9
[mk-app] #1768 store #1498 #1696 #2
[mk-app] #1769 = #1673 #1768
[mk-app] #1770 store #1494 #1696 #1
[mk-app] #1771 = #1669 #1770
[mk-app] #1772 store #1496 #1696 #2
[mk-app] #1773 = #1671 #1772
[mk-app] #1774 store #1492 #1696 #2
[mk-app] #1775 = #1667 #1774
[mk-app] #1776 not #1726
[mk-app] #1777 and #1769 #1771 #1773 #1775 #1690 #1691 #1701 #1692 #1619 #1608 #1610 #1614 #1663 #1666 #1758 #1776
[mk-app] #1778 => #1767 #1777
[mk-app] #1779 or #1633 #1686 #1695 #1705 #1711 #1719 #1729 #1737 #1748 #1753 #1767
[mk-app] #1780 and #1685 #1694 #1704 #1710 #1718 #1728 #1736 #1747 #1752 #1766 #1778 #1779
[mk-proof] #1781 asserted #1780
[mk-app] #1782 = #1684 #1684
[mk-proof] #1783 rewrite #1782
[mk-app] #1784 = #1685 #1685
[mk-proof] #1785 monotonicity #1783 #1784
[mk-app] #1786 not #1633
[mk-app] #1787 or #1786 #1684
[inst-discovered] theory-solving 0x0 basic# ; #1685
[mk-app] #1788 = #1685 #1787
[instance] 0x0 #1788
[attach-enode] #1788 0
[end-of-instance]
[mk-app] #1788 = #1685 #1787
[mk-proof] #1789 rewrite #1788
[mk-proof] #1790 trans #1785 #1789 #1788
[mk-app] #1791 not #1686
[mk-app] #1792 or #1791 #1693
[inst-discovered] theory-solving 0x0 basic# ; #1694
[mk-app] #1793 = #1694 #1792
[instance] 0x0 #1793
[attach-enode] #1793 0
[end-of-instance]
[mk-app] #1793 = #1694 #1792
[mk-proof] #1794 rewrite #1793
[mk-app] #1795 not #1695
[mk-app] #1796 or #1795 #1703
[inst-discovered] theory-solving 0x0 basic# ; #1704
[mk-app] #1797 = #1704 #1796
[instance] 0x0 #1797
[attach-enode] #1797 0
[end-of-instance]
[mk-app] #1797 = #1704 #1796
[mk-proof] #1798 rewrite #1797
[mk-app] #1799 not #1705
[mk-app] #1800 or #1799 #1709
[inst-discovered] theory-solving 0x0 basic# ; #1710
[mk-app] #1801 = #1710 #1800
[instance] 0x0 #1801
[attach-enode] #1801 0
[end-of-instance]
[mk-app] #1801 = #1710 #1800
[mk-proof] #1802 rewrite #1801
[mk-app] #1803 not #1711
[mk-app] #1804 or #1803 #1717
[inst-discovered] theory-solving 0x0 basic# ; #1718
[mk-app] #1805 = #1718 #1804
[instance] 0x0 #1805
[attach-enode] #1805 0
[end-of-instance]
[mk-app] #1805 = #1718 #1804
[mk-proof] #1806 rewrite #1805
[inst-discovered] theory-solving 0x0 basic# ; #1725
[mk-app] #1807 = #1725 #1725
[instance] 0x0 #1807
[attach-enode] #1807 0
[end-of-instance]
[mk-app] #1807 = #1725 #1725
[mk-proof] #1808 rewrite #1807
[mk-app] #1809 = #1727 #1727
[mk-proof] #1810 monotonicity #1808 #1809
[mk-proof] #1811 rewrite #1809
[mk-app] #1807 = #1728 #1728
[mk-proof] #1808 monotonicity #1811 #1807
[mk-app] #1810 not #1719
[mk-app] #1812 or #1810 #1727
[inst-discovered] theory-solving 0x0 basic# ; #1728
[mk-app] #1813 = #1728 #1812
[instance] 0x0 #1813
[attach-enode] #1813 0
[end-of-instance]
[mk-app] #1813 = #1728 #1812
[mk-proof] #1814 rewrite #1813
[mk-proof] #1815 trans #1808 #1814 #1813
[mk-app] #1816 not #1729
[mk-app] #1817 or #1816 #1735
[inst-discovered] theory-solving 0x0 basic# ; #1736
[mk-app] #1818 = #1736 #1817
[instance] 0x0 #1818
[attach-enode] #1818 0
[end-of-instance]
[mk-app] #1818 = #1736 #1817
[mk-proof] #1819 rewrite #1818
[mk-app] #1820 not #1737
[mk-app] #1821 or #1820 #1746
[inst-discovered] theory-solving 0x0 basic# ; #1747
[mk-app] #1822 = #1747 #1821
[instance] 0x0 #1822
[attach-enode] #1822 0
[end-of-instance]
[mk-app] #1822 = #1747 #1821
[mk-proof] #1823 rewrite #1822
[mk-app] #1824 not #1748
[mk-app] #1825 or #1824 #1751
[inst-discovered] theory-solving 0x0 basic# ; #1752
[mk-app] #1826 = #1752 #1825
[instance] 0x0 #1826
[attach-enode] #1826 0
[end-of-instance]
[mk-app] #1826 = #1752 #1825
[mk-proof] #1827 rewrite #1826
[mk-app] #1828 not #1753
[mk-app] #1829 or #1828 #1765
[inst-discovered] theory-solving 0x0 basic# ; #1766
[mk-app] #1830 = #1766 #1829
[instance] 0x0 #1830
[attach-enode] #1830 0
[end-of-instance]
[mk-app] #1830 = #1766 #1829
[mk-proof] #1831 rewrite #1830
[mk-app] #1832 not #1767
[mk-app] #1833 or #1832 #1777
[inst-discovered] theory-solving 0x0 basic# ; #1778
[mk-app] #1834 = #1778 #1833
[instance] 0x0 #1834
[attach-enode] #1834 0
[end-of-instance]
[mk-app] #1834 = #1778 #1833
[mk-proof] #1835 rewrite #1834
[mk-app] #1836 and #1787 #1792 #1796 #1800 #1804 #1812 #1817 #1821 #1825 #1829 #1833 #1779
[mk-app] #1837 = #1780 #1836
[mk-proof] #1838 monotonicity #1790 #1794 #1798 #1802 #1806 #1815 #1819 #1823 #1827 #1831 #1835 #1837
[mk-proof] #1839 rewrite #1837
[mk-proof] #1834 mp #1781 #1839 #1836
[mk-proof] #1835 and-elim #1834 #1787
[mk-proof] #1830 and-elim #1834 #1792
[mk-proof] #1831 and-elim #1834 #1796
[mk-proof] #1826 and-elim #1834 #1800
[mk-proof] #1827 and-elim #1834 #1804
[mk-proof] #1822 and-elim #1834 #1812
[mk-proof] #1823 and-elim #1834 #1817
[mk-proof] #1818 and-elim #1834 #1821
[mk-proof] #1819 and-elim #1834 #1825
[mk-proof] #1809 and-elim #1834 #1829
[mk-proof] #1811 and-elim #1834 #1833
[mk-proof] #1807 and-elim #1834 #1779
[mk-var] #1808 1
[mk-app] #1813 = #1808 #103
[mk-app] #1814 not #1813
[mk-app] #1815 select #1667 #1808
[mk-app] #1805 and #1814 #1815
[mk-app] #1806 select #1667 #103
[mk-app] #1801 not #1806
[mk-app] #1802 select #1671 #103
[mk-app] #1797 not #1802
[mk-app] #1798 and #1801 #1797
[mk-app] #1793 => #1805 #1798
[mk-quant] #1794 k!332 2 #1793
[attach-var-names] #1794 (|D@10| ; |client|) (|C@10| ; |client|)
[mk-app] #1782 and #1794
[mk-app] #1783 not #1782
[mk-proof] #1784 asserted #1783
[mk-app] #1785 not #1805
[mk-app] #1788 or #1785 #1798
[inst-discovered] theory-solving 0x0 basic# ; #1793
[mk-app] #1789 = #1793 #1788
[instance] 0x0 #1789
[attach-enode] #1789 0
[end-of-instance]
[mk-app] #1789 = #1793 #1788
[mk-proof] #1790 rewrite #1789
[mk-quant] #1838 k!332 2 #1788
[attach-var-names] #1838 (|D@10| ; |client|) (|C@10| ; |client|)
[mk-lambda] #1840 null 2 #1790
[mk-proof] #1841 proof-bind #1840
[mk-app] #1842 = #1794 #1838
[mk-proof] #1843 quant-intro #1841 #1842
[mk-app] #1844 and #1838
[mk-app] #1845 = #1782 #1844
[mk-proof] #1846 monotonicity #1843 #1845
[inst-discovered] theory-solving 0x0 basic# ; #1844
[mk-app] #1847 = #1844 #1838
[instance] 0x0 #1847
[attach-enode] #1847 0
[end-of-instance]
[mk-app] #1847 = #1844 #1838
[mk-proof] #1848 rewrite #1847
[mk-app] #1849 = #1782 #1838
[mk-proof] #1850 trans #1846 #1848 #1849
[mk-app] #1851 not #1838
[mk-app] #1852 = #1783 #1851
[mk-proof] #1853 monotonicity #1850 #1852
[mk-proof] #1854 rewrite #1852
[mk-proof] #1789 mp #1784 #1854 #1851
[eof]
